[INFO] 17:05:06:564 SUSE/(2842:2853): Grado de multiprogramación: 0
[INFO] 17:05:06:564 SUSE/(2842:2853): FFF = 2
[INFO] 17:05:06:564 SUSE/(2842:2853): G = 3
[INFO] 17:05:06:564 SUSE/(2842:2853): B = 2
[INFO] 17:05:06:564 SUSE/(2842:2853): CCC = 7
[INFO] 17:05:06:564 SUSE/(2842:2853): H = 4
[INFO] 17:05:06:564 SUSE/(2842:2853): J = 8
[INFO] 17:05:06:564 SUSE/(2842:2853): DDD = 7
[INFO] 17:05:06:564 SUSE/(2842:2853): I = 9
[INFO] 17:05:06:564 SUSE/(2842:2853): AAA = 9
[INFO] 17:05:06:564 SUSE/(2842:2853): EEE = 1
[INFO] 17:05:16:565 SUSE/(2842:2853): Grado de multiprogramación: 0
[INFO] 17:05:16:565 SUSE/(2842:2853): FFF = 2
[INFO] 17:05:16:565 SUSE/(2842:2853): G = 3
[INFO] 17:05:16:565 SUSE/(2842:2853): B = 2
[INFO] 17:05:16:565 SUSE/(2842:2853): CCC = 7
[INFO] 17:05:16:565 SUSE/(2842:2853): H = 4
[INFO] 17:05:16:565 SUSE/(2842:2853): J = 8
[INFO] 17:05:16:565 SUSE/(2842:2853): DDD = 7
[INFO] 17:05:16:565 SUSE/(2842:2853): I = 9
[INFO] 17:05:16:565 SUSE/(2842:2853): AAA = 9
[INFO] 17:05:16:565 SUSE/(2842:2853): EEE = 1
[INFO] 17:05:26:566 SUSE/(2842:2853): Grado de multiprogramación: 0
[INFO] 17:05:26:566 SUSE/(2842:2853): Métricas del hilo 0 del programa 2867: 
[INFO] 17:05:26:566 SUSE/(2842:2853): 	tiempo de ejecución: 565 ms
[INFO] 17:05:26:566 SUSE/(2842:2853): 	tiempo de espera: 0 ms
[INFO] 17:05:26:566 SUSE/(2842:2853): 	tiempo de uso de CPU: 0 ms
[INFO] 17:05:26:566 SUSE/(2842:2853): Métricas del hilo 1 del programa 2867: 
[INFO] 17:05:26:566 SUSE/(2842:2853): 	tiempo de ejecución: 175 ms
[INFO] 17:05:26:566 SUSE/(2842:2853): 	tiempo de espera: 0 ms
[INFO] 17:05:26:566 SUSE/(2842:2853): 	tiempo de uso de CPU: 0 ms
[INFO] 17:05:26:566 SUSE/(2842:2853): Métricas del hilo 2 del programa 2867: 
[INFO] 17:05:26:566 SUSE/(2842:2853): 	tiempo de ejecución: 175 ms
[INFO] 17:05:26:566 SUSE/(2842:2853): 	tiempo de espera: 0 ms
[INFO] 17:05:26:566 SUSE/(2842:2853): 	tiempo de uso de CPU: 0 ms
[INFO] 17:05:26:566 SUSE/(2842:2853): Métricas del hilo 3 del programa 2867: 
[INFO] 17:05:26:566 SUSE/(2842:2853): 	tiempo de ejecución: 176 ms
[INFO] 17:05:26:566 SUSE/(2842:2853): 	tiempo de espera: 0 ms
[INFO] 17:05:26:566 SUSE/(2842:2853): 	tiempo de uso de CPU: 0 ms
[INFO] 17:05:26:566 SUSE/(2842:2853): FFF = 2
[INFO] 17:05:26:566 SUSE/(2842:2853): G = 3
[INFO] 17:05:26:566 SUSE/(2842:2853): B = 2
[INFO] 17:05:26:566 SUSE/(2842:2853): CCC = 7
[INFO] 17:05:26:566 SUSE/(2842:2853): H = 4
[INFO] 17:05:26:566 SUSE/(2842:2853): J = 8
[INFO] 17:05:26:566 SUSE/(2842:2853): DDD = 7
[INFO] 17:05:26:566 SUSE/(2842:2853): I = 9
[INFO] 17:05:26:566 SUSE/(2842:2853): AAA = 9
[INFO] 17:05:26:566 SUSE/(2842:2853): EEE = 1
[INFO] 17:05:36:566 SUSE/(2842:2853): Grado de multiprogramación: 0
[INFO] 17:05:36:566 SUSE/(2842:2853): Métricas del hilo 0 del programa 2867: 
[INFO] 17:05:36:566 SUSE/(2842:2853): 	tiempo de ejecución: 566 ms
[INFO] 17:05:36:566 SUSE/(2842:2853): 	tiempo de espera: 0 ms
[INFO] 17:05:36:566 SUSE/(2842:2853): 	tiempo de uso de CPU: 0 ms
[INFO] 17:05:36:566 SUSE/(2842:2853): Métricas del hilo 1 del programa 2867: 
[INFO] 17:05:36:566 SUSE/(2842:2853): 	tiempo de ejecución: 176 ms
[INFO] 17:05:36:566 SUSE/(2842:2853): 	tiempo de espera: 0 ms
[INFO] 17:05:36:566 SUSE/(2842:2853): 	tiempo de uso de CPU: 0 ms
[INFO] 17:05:36:567 SUSE/(2842:2853): Métricas del hilo 2 del programa 2867: 
[INFO] 17:05:36:567 SUSE/(2842:2853): 	tiempo de ejecución: 176 ms
[INFO] 17:05:36:567 SUSE/(2842:2853): 	tiempo de espera: 0 ms
[INFO] 17:05:36:567 SUSE/(2842:2853): 	tiempo de uso de CPU: 0 ms
[INFO] 17:05:36:567 SUSE/(2842:2853): Métricas del hilo 3 del programa 2867: 
[INFO] 17:05:36:567 SUSE/(2842:2853): 	tiempo de ejecución: 176 ms
[INFO] 17:05:36:567 SUSE/(2842:2853): 	tiempo de espera: 0 ms
[INFO] 17:05:36:567 SUSE/(2842:2853): 	tiempo de uso de CPU: 0 ms
[INFO] 17:05:36:567 SUSE/(2842:2853): FFF = 2
[INFO] 17:05:36:567 SUSE/(2842:2853): G = 3
[INFO] 17:05:36:567 SUSE/(2842:2853): B = 2
[INFO] 17:05:36:567 SUSE/(2842:2853): CCC = 7
[INFO] 17:05:36:567 SUSE/(2842:2853): H = 4
[INFO] 17:05:36:567 SUSE/(2842:2853): J = 8
[INFO] 17:05:36:567 SUSE/(2842:2853): DDD = 7
[INFO] 17:05:36:567 SUSE/(2842:2853): I = 9
[INFO] 17:05:36:567 SUSE/(2842:2853): AAA = 9
[INFO] 17:05:36:567 SUSE/(2842:2853): EEE = 1
[INFO] 17:06:03:414 SUSE/(2888:2937): Grado de multiprogramación: 0
[INFO] 17:06:03:414 SUSE/(2888:2937): FFF = 2
[INFO] 17:06:03:414 SUSE/(2888:2937): G = 3
[INFO] 17:06:03:414 SUSE/(2888:2937): B = 2
[INFO] 17:06:03:414 SUSE/(2888:2937): CCC = 7
[INFO] 17:06:03:414 SUSE/(2888:2937): H = 4
[INFO] 17:06:03:414 SUSE/(2888:2937): J = 8
[INFO] 17:06:03:414 SUSE/(2888:2937): DDD = 7
[INFO] 17:06:03:414 SUSE/(2888:2937): I = 9
[INFO] 17:06:03:414 SUSE/(2888:2937): AAA = 9
[INFO] 17:06:03:414 SUSE/(2888:2937): EEE = 1
[INFO] 17:06:13:415 SUSE/(2888:2937): Grado de multiprogramación: 0
[INFO] 17:06:13:415 SUSE/(2888:2937): Métricas del hilo 0 del programa 3151: 
[INFO] 17:06:13:415 SUSE/(2888:2937): 	tiempo de ejecución: 414 ms
[INFO] 17:06:13:415 SUSE/(2888:2937): 	tiempo de espera: 0 ms
[INFO] 17:06:13:415 SUSE/(2888:2937): 	tiempo de uso de CPU: 0 ms
[INFO] 17:06:13:415 SUSE/(2888:2937): Métricas del hilo 1 del programa 3151: 
[INFO] 17:06:13:415 SUSE/(2888:2937): 	tiempo de ejecución: 182 ms
[INFO] 17:06:13:415 SUSE/(2888:2937): 	tiempo de espera: 0 ms
[INFO] 17:06:13:415 SUSE/(2888:2937): 	tiempo de uso de CPU: 0 ms
[INFO] 17:06:13:415 SUSE/(2888:2937): Métricas del hilo 2 del programa 3151: 
[INFO] 17:06:13:415 SUSE/(2888:2937): 	tiempo de ejecución: 182 ms
[INFO] 17:06:13:415 SUSE/(2888:2937): 	tiempo de espera: 0 ms
[INFO] 17:06:13:415 SUSE/(2888:2937): 	tiempo de uso de CPU: 0 ms
[INFO] 17:06:13:415 SUSE/(2888:2937): Métricas del hilo 3 del programa 3151: 
[INFO] 17:06:13:415 SUSE/(2888:2937): 	tiempo de ejecución: 182 ms
[INFO] 17:06:13:415 SUSE/(2888:2937): 	tiempo de espera: 0 ms
[INFO] 17:06:13:415 SUSE/(2888:2937): 	tiempo de uso de CPU: 0 ms
[INFO] 17:06:13:415 SUSE/(2888:2937): FFF = 2
[INFO] 17:06:13:415 SUSE/(2888:2937): G = 3
[INFO] 17:06:13:415 SUSE/(2888:2937): B = 2
[INFO] 17:06:13:415 SUSE/(2888:2937): CCC = 7
[INFO] 17:06:13:415 SUSE/(2888:2937): H = 4
[INFO] 17:06:13:415 SUSE/(2888:2937): J = 8
[INFO] 17:06:13:415 SUSE/(2888:2937): DDD = 7
[INFO] 17:06:13:415 SUSE/(2888:2937): I = 9
[INFO] 17:06:13:415 SUSE/(2888:2937): AAA = 9
[INFO] 17:06:13:415 SUSE/(2888:2937): EEE = 1
[INFO] 17:06:23:415 SUSE/(2888:2937): Grado de multiprogramación: 0
[INFO] 17:06:23:415 SUSE/(2888:2937): Métricas del hilo 0 del programa 3151: 
[INFO] 17:06:23:415 SUSE/(2888:2937): 	tiempo de ejecución: 415 ms
[INFO] 17:06:23:415 SUSE/(2888:2937): 	tiempo de espera: 0 ms
[INFO] 17:06:23:415 SUSE/(2888:2937): 	tiempo de uso de CPU: 0 ms
[INFO] 17:06:23:415 SUSE/(2888:2937): Métricas del hilo 1 del programa 3151: 
[INFO] 17:06:23:415 SUSE/(2888:2937): 	tiempo de ejecución: 183 ms
[INFO] 17:06:23:415 SUSE/(2888:2937): 	tiempo de espera: 0 ms
[INFO] 17:06:23:415 SUSE/(2888:2937): 	tiempo de uso de CPU: 0 ms
[INFO] 17:06:23:415 SUSE/(2888:2937): Métricas del hilo 2 del programa 3151: 
[INFO] 17:06:23:415 SUSE/(2888:2937): 	tiempo de ejecución: 183 ms
[INFO] 17:06:23:415 SUSE/(2888:2937): 	tiempo de espera: 0 ms
[INFO] 17:06:23:415 SUSE/(2888:2937): 	tiempo de uso de CPU: 0 ms
[INFO] 17:06:23:415 SUSE/(2888:2937): Métricas del hilo 3 del programa 3151: 
[INFO] 17:06:23:415 SUSE/(2888:2937): 	tiempo de ejecución: 183 ms
[INFO] 17:06:23:415 SUSE/(2888:2937): 	tiempo de espera: 0 ms
[INFO] 17:06:23:415 SUSE/(2888:2937): 	tiempo de uso de CPU: 0 ms
[INFO] 17:06:23:415 SUSE/(2888:2937): FFF = 2
[INFO] 17:06:23:415 SUSE/(2888:2937): G = 3
[INFO] 17:06:23:415 SUSE/(2888:2937): B = 2
[INFO] 17:06:23:415 SUSE/(2888:2937): CCC = 7
[INFO] 17:06:23:415 SUSE/(2888:2937): H = 4
[INFO] 17:06:23:415 SUSE/(2888:2937): J = 8
[INFO] 17:06:23:415 SUSE/(2888:2937): DDD = 7
[INFO] 17:06:23:415 SUSE/(2888:2937): I = 9
[INFO] 17:06:23:415 SUSE/(2888:2937): AAA = 9
[INFO] 17:06:23:415 SUSE/(2888:2937): EEE = 1
[INFO] 17:06:33:415 SUSE/(2888:2937): Grado de multiprogramación: 0
[INFO] 17:06:33:415 SUSE/(2888:2937): Métricas del hilo 0 del programa 3151: 
[INFO] 17:06:33:415 SUSE/(2888:2937): 	tiempo de ejecución: 415 ms
[INFO] 17:06:33:415 SUSE/(2888:2937): 	tiempo de espera: 0 ms
[INFO] 17:06:33:415 SUSE/(2888:2937): 	tiempo de uso de CPU: 0 ms
[INFO] 17:06:33:415 SUSE/(2888:2937): Métricas del hilo 1 del programa 3151: 
[INFO] 17:06:33:415 SUSE/(2888:2937): 	tiempo de ejecución: 183 ms
[INFO] 17:06:33:415 SUSE/(2888:2937): 	tiempo de espera: 0 ms
[INFO] 17:06:33:415 SUSE/(2888:2937): 	tiempo de uso de CPU: 0 ms
[INFO] 17:06:33:415 SUSE/(2888:2937): Métricas del hilo 2 del programa 3151: 
[INFO] 17:06:33:415 SUSE/(2888:2937): 	tiempo de ejecución: 183 ms
[INFO] 17:06:33:415 SUSE/(2888:2937): 	tiempo de espera: 0 ms
[INFO] 17:06:33:415 SUSE/(2888:2937): 	tiempo de uso de CPU: 0 ms
[INFO] 17:06:33:415 SUSE/(2888:2937): Métricas del hilo 3 del programa 3151: 
[INFO] 17:06:33:415 SUSE/(2888:2937): 	tiempo de ejecución: 183 ms
[INFO] 17:06:33:415 SUSE/(2888:2937): 	tiempo de espera: 0 ms
[INFO] 17:06:33:415 SUSE/(2888:2937): 	tiempo de uso de CPU: 0 ms
[INFO] 17:06:33:415 SUSE/(2888:2937): FFF = 2
[INFO] 17:06:33:415 SUSE/(2888:2937): G = 3
[INFO] 17:06:33:415 SUSE/(2888:2937): B = 2
[INFO] 17:06:33:415 SUSE/(2888:2937): CCC = 7
[INFO] 17:06:33:416 SUSE/(2888:2937): H = 4
[INFO] 17:06:33:416 SUSE/(2888:2937): J = 8
[INFO] 17:06:33:416 SUSE/(2888:2937): DDD = 7
[INFO] 17:06:33:416 SUSE/(2888:2937): I = 9
[INFO] 17:06:33:416 SUSE/(2888:2937): AAA = 9
[INFO] 17:06:33:416 SUSE/(2888:2937): EEE = 1
[INFO] 17:06:43:416 SUSE/(2888:2937): Grado de multiprogramación: 0
[INFO] 17:06:43:416 SUSE/(2888:2937): Métricas del hilo 0 del programa 3151: 
[INFO] 17:06:43:416 SUSE/(2888:2937): 	tiempo de ejecución: 416 ms
[INFO] 17:06:43:416 SUSE/(2888:2937): 	tiempo de espera: 0 ms
[INFO] 17:06:43:416 SUSE/(2888:2937): 	tiempo de uso de CPU: 0 ms
[INFO] 17:06:43:416 SUSE/(2888:2937): Métricas del hilo 1 del programa 3151: 
[INFO] 17:06:43:416 SUSE/(2888:2937): 	tiempo de ejecución: 184 ms
[INFO] 17:06:43:416 SUSE/(2888:2937): 	tiempo de espera: 0 ms
[INFO] 17:06:43:416 SUSE/(2888:2937): 	tiempo de uso de CPU: 0 ms
[INFO] 17:06:43:416 SUSE/(2888:2937): Métricas del hilo 2 del programa 3151: 
[INFO] 17:06:43:416 SUSE/(2888:2937): 	tiempo de ejecución: 184 ms
[INFO] 17:06:43:416 SUSE/(2888:2937): 	tiempo de espera: 0 ms
[INFO] 17:06:43:416 SUSE/(2888:2937): 	tiempo de uso de CPU: 0 ms
[INFO] 17:06:43:416 SUSE/(2888:2937): Métricas del hilo 3 del programa 3151: 
[INFO] 17:06:43:417 SUSE/(2888:2937): 	tiempo de ejecución: 184 ms
[INFO] 17:06:43:417 SUSE/(2888:2937): 	tiempo de espera: 0 ms
[INFO] 17:06:43:417 SUSE/(2888:2937): 	tiempo de uso de CPU: 0 ms
[INFO] 17:06:43:417 SUSE/(2888:2937): FFF = 2
[INFO] 17:06:43:417 SUSE/(2888:2937): G = 3
[INFO] 17:06:43:417 SUSE/(2888:2937): B = 2
[INFO] 17:06:43:417 SUSE/(2888:2937): CCC = 7
[INFO] 17:06:43:417 SUSE/(2888:2937): H = 4
[INFO] 17:06:43:417 SUSE/(2888:2937): J = 8
[INFO] 17:06:43:417 SUSE/(2888:2937): DDD = 7
[INFO] 17:06:43:417 SUSE/(2888:2937): I = 9
[INFO] 17:06:43:417 SUSE/(2888:2937): AAA = 9
[INFO] 17:06:43:417 SUSE/(2888:2937): EEE = 1
[INFO] 17:06:53:417 SUSE/(2888:2937): Grado de multiprogramación: 0
[INFO] 17:06:53:417 SUSE/(2888:2937): Métricas del hilo 0 del programa 3151: 
[INFO] 17:06:53:417 SUSE/(2888:2937): 	tiempo de ejecución: 416 ms
[INFO] 17:06:53:417 SUSE/(2888:2937): 	tiempo de espera: 0 ms
[INFO] 17:06:53:417 SUSE/(2888:2937): 	tiempo de uso de CPU: 0 ms
[INFO] 17:06:53:417 SUSE/(2888:2937): Métricas del hilo 1 del programa 3151: 
[INFO] 17:06:53:417 SUSE/(2888:2937): 	tiempo de ejecución: 184 ms
[INFO] 17:06:53:417 SUSE/(2888:2937): 	tiempo de espera: 0 ms
[INFO] 17:06:53:417 SUSE/(2888:2937): 	tiempo de uso de CPU: 0 ms
[INFO] 17:06:53:417 SUSE/(2888:2937): Métricas del hilo 2 del programa 3151: 
[INFO] 17:06:53:417 SUSE/(2888:2937): 	tiempo de ejecución: 184 ms
[INFO] 17:06:53:417 SUSE/(2888:2937): 	tiempo de espera: 0 ms
[INFO] 17:06:53:417 SUSE/(2888:2937): 	tiempo de uso de CPU: 0 ms
[INFO] 17:06:53:417 SUSE/(2888:2937): Métricas del hilo 3 del programa 3151: 
[INFO] 17:06:53:417 SUSE/(2888:2937): 	tiempo de ejecución: 184 ms
[INFO] 17:06:53:417 SUSE/(2888:2937): 	tiempo de espera: 0 ms
[INFO] 17:06:53:417 SUSE/(2888:2937): 	tiempo de uso de CPU: 0 ms
[INFO] 17:06:53:417 SUSE/(2888:2937): FFF = 2
[INFO] 17:06:53:417 SUSE/(2888:2937): G = 3
[INFO] 17:06:53:417 SUSE/(2888:2937): B = 2
[INFO] 17:06:53:417 SUSE/(2888:2937): CCC = 7
[INFO] 17:06:53:417 SUSE/(2888:2937): H = 4
[INFO] 17:06:53:417 SUSE/(2888:2937): J = 8
[INFO] 17:06:53:417 SUSE/(2888:2937): DDD = 7
[INFO] 17:06:53:417 SUSE/(2888:2937): I = 9
[INFO] 17:06:53:417 SUSE/(2888:2937): AAA = 9
[INFO] 17:06:53:417 SUSE/(2888:2937): EEE = 1
[INFO] 17:07:03:418 SUSE/(2888:2937): Grado de multiprogramación: 0
[INFO] 17:07:03:418 SUSE/(2888:2937): Métricas del hilo 0 del programa 3151: 
[INFO] 17:07:03:418 SUSE/(2888:2937): 	tiempo de ejecución: 418 ms
[INFO] 17:07:03:418 SUSE/(2888:2937): 	tiempo de espera: 0 ms
[INFO] 17:07:03:418 SUSE/(2888:2937): 	tiempo de uso de CPU: 0 ms
[INFO] 17:07:03:418 SUSE/(2888:2937): Métricas del hilo 1 del programa 3151: 
[INFO] 17:07:03:418 SUSE/(2888:2937): 	tiempo de ejecución: 186 ms
[INFO] 17:07:03:418 SUSE/(2888:2937): 	tiempo de espera: 0 ms
[INFO] 17:07:03:418 SUSE/(2888:2937): 	tiempo de uso de CPU: 0 ms
[INFO] 17:07:03:418 SUSE/(2888:2937): Métricas del hilo 2 del programa 3151: 
[INFO] 17:07:03:418 SUSE/(2888:2937): 	tiempo de ejecución: 186 ms
[INFO] 17:07:03:418 SUSE/(2888:2937): 	tiempo de espera: 0 ms
[INFO] 17:07:03:418 SUSE/(2888:2937): 	tiempo de uso de CPU: 0 ms
[INFO] 17:07:03:418 SUSE/(2888:2937): Métricas del hilo 3 del programa 3151: 
[INFO] 17:07:03:418 SUSE/(2888:2937): 	tiempo de ejecución: 186 ms
[INFO] 17:07:03:418 SUSE/(2888:2937): 	tiempo de espera: 0 ms
[INFO] 17:07:03:418 SUSE/(2888:2937): 	tiempo de uso de CPU: 0 ms
[INFO] 17:07:03:418 SUSE/(2888:2937): FFF = 2
[INFO] 17:07:03:418 SUSE/(2888:2937): G = 3
[INFO] 17:07:03:418 SUSE/(2888:2937): B = 2
[INFO] 17:07:03:418 SUSE/(2888:2937): CCC = 7
[INFO] 17:07:03:418 SUSE/(2888:2937): H = 4
[INFO] 17:07:03:418 SUSE/(2888:2937): J = 8
[INFO] 17:07:03:418 SUSE/(2888:2937): DDD = 7
[INFO] 17:07:03:418 SUSE/(2888:2937): I = 9
[INFO] 17:07:03:418 SUSE/(2888:2937): AAA = 9
[INFO] 17:07:03:418 SUSE/(2888:2937): EEE = 1
[INFO] 17:07:13:420 SUSE/(2888:2937): Grado de multiprogramación: 0
[INFO] 17:07:13:420 SUSE/(2888:2937): Métricas del hilo 0 del programa 3151: 
[INFO] 17:07:13:420 SUSE/(2888:2937): 	tiempo de ejecución: 420 ms
[INFO] 17:07:13:420 SUSE/(2888:2937): 	tiempo de espera: 0 ms
[INFO] 17:07:13:420 SUSE/(2888:2937): 	tiempo de uso de CPU: 0 ms
[INFO] 17:07:13:420 SUSE/(2888:2937): Métricas del hilo 1 del programa 3151: 
[INFO] 17:07:13:420 SUSE/(2888:2937): 	tiempo de ejecución: 188 ms
[INFO] 17:07:13:420 SUSE/(2888:2937): 	tiempo de espera: 0 ms
[INFO] 17:07:13:420 SUSE/(2888:2937): 	tiempo de uso de CPU: 0 ms
[INFO] 17:07:13:420 SUSE/(2888:2937): Métricas del hilo 2 del programa 3151: 
[INFO] 17:07:13:420 SUSE/(2888:2937): 	tiempo de ejecución: 188 ms
[INFO] 17:07:13:420 SUSE/(2888:2937): 	tiempo de espera: 0 ms
[INFO] 17:07:13:420 SUSE/(2888:2937): 	tiempo de uso de CPU: 0 ms
[INFO] 17:07:13:420 SUSE/(2888:2937): Métricas del hilo 3 del programa 3151: 
[INFO] 17:07:13:420 SUSE/(2888:2937): 	tiempo de ejecución: 188 ms
[INFO] 17:07:13:420 SUSE/(2888:2937): 	tiempo de espera: 0 ms
[INFO] 17:07:13:420 SUSE/(2888:2937): 	tiempo de uso de CPU: 0 ms
[INFO] 17:07:13:420 SUSE/(2888:2937): FFF = 2
[INFO] 17:07:13:420 SUSE/(2888:2937): G = 3
[INFO] 17:07:13:420 SUSE/(2888:2937): B = 2
[INFO] 17:07:13:420 SUSE/(2888:2937): CCC = 7
[INFO] 17:07:13:420 SUSE/(2888:2937): H = 4
[INFO] 17:07:13:420 SUSE/(2888:2937): J = 8
[INFO] 17:07:13:420 SUSE/(2888:2937): DDD = 7
[INFO] 17:07:13:420 SUSE/(2888:2937): I = 9
[INFO] 17:07:13:420 SUSE/(2888:2937): AAA = 9
[INFO] 17:07:13:420 SUSE/(2888:2937): EEE = 1
[INFO] 17:22:36:654 SUSE/(4130:4140): Grado de multiprogramación: 0
[INFO] 17:22:36:654 SUSE/(4130:4140): FFF = 2
[INFO] 17:22:36:654 SUSE/(4130:4140): G = 3
[INFO] 17:22:36:654 SUSE/(4130:4140): B = 2
[INFO] 17:22:36:654 SUSE/(4130:4140): CCC = 7
[INFO] 17:22:36:654 SUSE/(4130:4140): H = 4
[INFO] 17:22:36:654 SUSE/(4130:4140): J = 8
[INFO] 17:22:36:654 SUSE/(4130:4140): DDD = 7
[INFO] 17:22:36:654 SUSE/(4130:4140): I = 9
[INFO] 17:22:36:654 SUSE/(4130:4140): AAA = 9
[INFO] 17:22:36:654 SUSE/(4130:4140): EEE = 1
[INFO] 17:22:46:660 SUSE/(4130:4140): Grado de multiprogramación: 0
[INFO] 17:22:46:660 SUSE/(4130:4140): FFF = 2
[INFO] 17:22:46:660 SUSE/(4130:4140): G = 3
[INFO] 17:22:46:660 SUSE/(4130:4140): B = 2
[INFO] 17:22:46:660 SUSE/(4130:4140): CCC = 7
[INFO] 17:22:46:660 SUSE/(4130:4140): H = 4
[INFO] 17:22:46:660 SUSE/(4130:4140): J = 8
[INFO] 17:22:46:660 SUSE/(4130:4140): DDD = 7
[INFO] 17:22:46:660 SUSE/(4130:4140): I = 9
[INFO] 17:22:46:660 SUSE/(4130:4140): AAA = 9
[INFO] 17:22:46:660 SUSE/(4130:4140): EEE = 1
[INFO] 17:22:56:660 SUSE/(4130:4140): Grado de multiprogramación: 0
[INFO] 17:22:56:660 SUSE/(4130:4140): FFF = 2
[INFO] 17:22:56:660 SUSE/(4130:4140): G = 3
[INFO] 17:22:56:660 SUSE/(4130:4140): B = 2
[INFO] 17:22:56:660 SUSE/(4130:4140): CCC = 7
[INFO] 17:22:56:660 SUSE/(4130:4140): H = 4
[INFO] 17:22:56:660 SUSE/(4130:4140): J = 8
[INFO] 17:22:56:660 SUSE/(4130:4140): DDD = 7
[INFO] 17:22:56:660 SUSE/(4130:4140): I = 9
[INFO] 17:22:56:660 SUSE/(4130:4140): AAA = 9
[INFO] 17:22:56:660 SUSE/(4130:4140): EEE = 1
[INFO] 17:23:06:662 SUSE/(4130:4140): Grado de multiprogramación: 0
[INFO] 17:23:06:662 SUSE/(4130:4140): FFF = 2
[INFO] 17:23:06:662 SUSE/(4130:4140): G = 3
[INFO] 17:23:06:662 SUSE/(4130:4140): B = 2
[INFO] 17:23:06:662 SUSE/(4130:4140): CCC = 7
[INFO] 17:23:06:662 SUSE/(4130:4140): H = 4
[INFO] 17:23:06:662 SUSE/(4130:4140): J = 8
[INFO] 17:23:06:662 SUSE/(4130:4140): DDD = 7
[INFO] 17:23:06:662 SUSE/(4130:4140): I = 9
[INFO] 17:23:06:662 SUSE/(4130:4140): AAA = 9
[INFO] 17:23:06:662 SUSE/(4130:4140): EEE = 1
[INFO] 17:23:16:663 SUSE/(4130:4140): Grado de multiprogramación: 0
[INFO] 17:23:16:663 SUSE/(4130:4140): Métricas del hilo 0 del programa 4146: 
[INFO] 17:23:16:663 SUSE/(4130:4140): 	tiempo de ejecución: -416400969 ms
[INFO] 17:23:16:663 SUSE/(4130:4140): 	tiempo de espera: 0 ms
[INFO] 17:23:16:663 SUSE/(4130:4140): 	tiempo de uso de CPU: 0 ms
[INFO] 17:23:16:663 SUSE/(4130:4140): Métricas del hilo 1 del programa 4146: 
[INFO] 17:23:16:663 SUSE/(4130:4140): 	tiempo de ejecución: -1576252994750 ms
[INFO] 17:23:16:663 SUSE/(4130:4140): 	tiempo de espera: 0 ms
[INFO] 17:23:16:663 SUSE/(4130:4140): 	tiempo de uso de CPU: 0 ms
[INFO] 17:23:16:663 SUSE/(4130:4140): Métricas del hilo 2 del programa 4146: 
[INFO] 17:23:16:663 SUSE/(4130:4140): 	tiempo de ejecución: -1576252994750 ms
[INFO] 17:23:16:663 SUSE/(4130:4140): 	tiempo de espera: 0 ms
[INFO] 17:23:16:663 SUSE/(4130:4140): 	tiempo de uso de CPU: 0 ms
[INFO] 17:23:16:663 SUSE/(4130:4140): Métricas del hilo 3 del programa 4146: 
[INFO] 17:23:16:663 SUSE/(4130:4140): 	tiempo de ejecución: -1576252994750 ms
[INFO] 17:23:16:663 SUSE/(4130:4140): 	tiempo de espera: 0 ms
[INFO] 17:23:16:663 SUSE/(4130:4140): 	tiempo de uso de CPU: 0 ms
[INFO] 17:23:16:663 SUSE/(4130:4140): FFF = 2
[INFO] 17:23:16:663 SUSE/(4130:4140): G = 3
[INFO] 17:23:16:663 SUSE/(4130:4140): B = 2
[INFO] 17:23:16:663 SUSE/(4130:4140): CCC = 7
[INFO] 17:23:16:663 SUSE/(4130:4140): H = 4
[INFO] 17:23:16:664 SUSE/(4130:4140): J = 8
[INFO] 17:23:16:664 SUSE/(4130:4140): DDD = 7
[INFO] 17:23:16:664 SUSE/(4130:4140): I = 9
[INFO] 17:23:16:664 SUSE/(4130:4140): AAA = 9
[INFO] 17:23:16:664 SUSE/(4130:4140): EEE = 1
[INFO] 17:23:26:665 SUSE/(4130:4140): Grado de multiprogramación: 0
[INFO] 17:23:26:665 SUSE/(4130:4140): Métricas del hilo 0 del programa 4146: 
[INFO] 17:23:26:665 SUSE/(4130:4140): 	tiempo de ejecución: -416390968 ms
[INFO] 17:23:26:665 SUSE/(4130:4140): 	tiempo de espera: 0 ms
[INFO] 17:23:26:665 SUSE/(4130:4140): 	tiempo de uso de CPU: 0 ms
[INFO] 17:23:26:665 SUSE/(4130:4140): Métricas del hilo 1 del programa 4146: 
[INFO] 17:23:26:665 SUSE/(4130:4140): 	tiempo de ejecución: -1576252984749 ms
[INFO] 17:23:26:665 SUSE/(4130:4140): 	tiempo de espera: 0 ms
[INFO] 17:23:26:665 SUSE/(4130:4140): 	tiempo de uso de CPU: 0 ms
[INFO] 17:23:26:665 SUSE/(4130:4140): Métricas del hilo 2 del programa 4146: 
[INFO] 17:23:26:665 SUSE/(4130:4140): 	tiempo de ejecución: -1576252984749 ms
[INFO] 17:23:26:665 SUSE/(4130:4140): 	tiempo de espera: 0 ms
[INFO] 17:23:26:665 SUSE/(4130:4140): 	tiempo de uso de CPU: 0 ms
[INFO] 17:23:26:665 SUSE/(4130:4140): Métricas del hilo 3 del programa 4146: 
[INFO] 17:23:26:665 SUSE/(4130:4140): 	tiempo de ejecución: -1576252984749 ms
[INFO] 17:23:26:665 SUSE/(4130:4140): 	tiempo de espera: 0 ms
[INFO] 17:23:26:665 SUSE/(4130:4140): 	tiempo de uso de CPU: 0 ms
[INFO] 17:23:26:665 SUSE/(4130:4140): FFF = 2
[INFO] 17:23:26:665 SUSE/(4130:4140): G = 3
[INFO] 17:23:26:665 SUSE/(4130:4140): B = 2
[INFO] 17:23:26:665 SUSE/(4130:4140): CCC = 7
[INFO] 17:23:26:665 SUSE/(4130:4140): H = 4
[INFO] 17:23:26:665 SUSE/(4130:4140): J = 8
[INFO] 17:23:26:665 SUSE/(4130:4140): DDD = 7
[INFO] 17:23:26:665 SUSE/(4130:4140): I = 9
[INFO] 17:23:26:665 SUSE/(4130:4140): AAA = 9
[INFO] 17:23:26:665 SUSE/(4130:4140): EEE = 1
[INFO] 17:23:36:667 SUSE/(4130:4140): Grado de multiprogramación: 0
[INFO] 17:23:36:667 SUSE/(4130:4140): Métricas del hilo 0 del programa 4146: 
[INFO] 17:23:36:667 SUSE/(4130:4140): 	tiempo de ejecución: -416380965 ms
[INFO] 17:23:36:667 SUSE/(4130:4140): 	tiempo de espera: 0 ms
[INFO] 17:23:36:667 SUSE/(4130:4140): 	tiempo de uso de CPU: 0 ms
[INFO] 17:23:36:668 SUSE/(4130:4140): Métricas del hilo 1 del programa 4146: 
[INFO] 17:23:36:668 SUSE/(4130:4140): 	tiempo de ejecución: -1576252974746 ms
[INFO] 17:23:36:668 SUSE/(4130:4140): 	tiempo de espera: 0 ms
[INFO] 17:23:36:668 SUSE/(4130:4140): 	tiempo de uso de CPU: 0 ms
[INFO] 17:23:36:668 SUSE/(4130:4140): Métricas del hilo 2 del programa 4146: 
[INFO] 17:23:36:668 SUSE/(4130:4140): 	tiempo de ejecución: -1576252974746 ms
[INFO] 17:23:36:668 SUSE/(4130:4140): 	tiempo de espera: 0 ms
[INFO] 17:23:36:668 SUSE/(4130:4140): 	tiempo de uso de CPU: 0 ms
[INFO] 17:23:36:668 SUSE/(4130:4140): Métricas del hilo 3 del programa 4146: 
[INFO] 17:23:36:668 SUSE/(4130:4140): 	tiempo de ejecución: -1576252974746 ms
[INFO] 17:23:36:668 SUSE/(4130:4140): 	tiempo de espera: 0 ms
[INFO] 17:23:36:668 SUSE/(4130:4140): 	tiempo de uso de CPU: 0 ms
[INFO] 17:23:36:668 SUSE/(4130:4140): FFF = 2
[INFO] 17:23:36:668 SUSE/(4130:4140): G = 3
[INFO] 17:23:36:668 SUSE/(4130:4140): B = 2
[INFO] 17:23:36:668 SUSE/(4130:4140): CCC = 7
[INFO] 17:23:36:668 SUSE/(4130:4140): H = 4
[INFO] 17:23:36:668 SUSE/(4130:4140): J = 8
[INFO] 17:23:36:668 SUSE/(4130:4140): DDD = 7
[INFO] 17:23:36:668 SUSE/(4130:4140): I = 9
[INFO] 17:23:36:668 SUSE/(4130:4140): AAA = 9
[INFO] 17:23:36:668 SUSE/(4130:4140): EEE = 1
[INFO] 17:23:46:668 SUSE/(4130:4140): Grado de multiprogramación: 0
[INFO] 17:23:46:668 SUSE/(4130:4140): Métricas del hilo 0 del programa 4146: 
[INFO] 17:23:46:668 SUSE/(4130:4140): 	tiempo de ejecución: -416370964 ms
[INFO] 17:23:46:668 SUSE/(4130:4140): 	tiempo de espera: 0 ms
[INFO] 17:23:46:668 SUSE/(4130:4140): 	tiempo de uso de CPU: 0 ms
[INFO] 17:23:46:668 SUSE/(4130:4140): Métricas del hilo 1 del programa 4146: 
[INFO] 17:23:46:668 SUSE/(4130:4140): 	tiempo de ejecución: -1576252964745 ms
[INFO] 17:23:46:668 SUSE/(4130:4140): 	tiempo de espera: 0 ms
[INFO] 17:23:46:668 SUSE/(4130:4140): 	tiempo de uso de CPU: 0 ms
[INFO] 17:23:46:668 SUSE/(4130:4140): Métricas del hilo 2 del programa 4146: 
[INFO] 17:23:46:668 SUSE/(4130:4140): 	tiempo de ejecución: -1576252964745 ms
[INFO] 17:23:46:668 SUSE/(4130:4140): 	tiempo de espera: 0 ms
[INFO] 17:23:46:668 SUSE/(4130:4140): 	tiempo de uso de CPU: 0 ms
[INFO] 17:23:46:668 SUSE/(4130:4140): Métricas del hilo 3 del programa 4146: 
[INFO] 17:23:46:668 SUSE/(4130:4140): 	tiempo de ejecución: -1576252964745 ms
[INFO] 17:23:46:668 SUSE/(4130:4140): 	tiempo de espera: 0 ms
[INFO] 17:23:46:668 SUSE/(4130:4140): 	tiempo de uso de CPU: 0 ms
[INFO] 17:23:46:668 SUSE/(4130:4140): FFF = 2
[INFO] 17:23:46:668 SUSE/(4130:4140): G = 3
[INFO] 17:23:46:668 SUSE/(4130:4140): B = 2
[INFO] 17:23:46:669 SUSE/(4130:4140): CCC = 7
[INFO] 17:23:46:669 SUSE/(4130:4140): H = 4
[INFO] 17:23:46:669 SUSE/(4130:4140): J = 8
[INFO] 17:23:46:669 SUSE/(4130:4140): DDD = 7
[INFO] 17:23:46:669 SUSE/(4130:4140): I = 9
[INFO] 17:23:46:669 SUSE/(4130:4140): AAA = 9
[INFO] 17:23:46:669 SUSE/(4130:4140): EEE = 1
[INFO] 17:23:56:677 SUSE/(4130:4140): Grado de multiprogramación: 0
[INFO] 17:23:56:677 SUSE/(4130:4140): Métricas del hilo 0 del programa 4146: 
[INFO] 17:23:56:677 SUSE/(4130:4140): 	tiempo de ejecución: -416360955 ms
[INFO] 17:23:56:677 SUSE/(4130:4140): 	tiempo de espera: 0 ms
[INFO] 17:23:56:677 SUSE/(4130:4140): 	tiempo de uso de CPU: 0 ms
[INFO] 17:23:56:677 SUSE/(4130:4140): Métricas del hilo 1 del programa 4146: 
[INFO] 17:23:56:677 SUSE/(4130:4140): 	tiempo de ejecución: -1576252954736 ms
[INFO] 17:23:56:677 SUSE/(4130:4140): 	tiempo de espera: 0 ms
[INFO] 17:23:56:677 SUSE/(4130:4140): 	tiempo de uso de CPU: 0 ms
[INFO] 17:23:56:677 SUSE/(4130:4140): Métricas del hilo 2 del programa 4146: 
[INFO] 17:23:56:677 SUSE/(4130:4140): 	tiempo de ejecución: -1576252954736 ms
[INFO] 17:23:56:677 SUSE/(4130:4140): 	tiempo de espera: 0 ms
[INFO] 17:23:56:677 SUSE/(4130:4140): 	tiempo de uso de CPU: 0 ms
[INFO] 17:23:56:677 SUSE/(4130:4140): Métricas del hilo 3 del programa 4146: 
[INFO] 17:23:56:677 SUSE/(4130:4140): 	tiempo de ejecución: -1576252954736 ms
[INFO] 17:23:56:677 SUSE/(4130:4140): 	tiempo de espera: 0 ms
[INFO] 17:23:56:677 SUSE/(4130:4140): 	tiempo de uso de CPU: 0 ms
[INFO] 17:23:56:677 SUSE/(4130:4140): FFF = 2
[INFO] 17:23:56:677 SUSE/(4130:4140): G = 3
[INFO] 17:23:56:677 SUSE/(4130:4140): B = 2
[INFO] 17:23:56:677 SUSE/(4130:4140): CCC = 7
[INFO] 17:23:56:677 SUSE/(4130:4140): H = 4
[INFO] 17:23:56:677 SUSE/(4130:4140): J = 8
[INFO] 17:23:56:677 SUSE/(4130:4140): DDD = 7
[INFO] 17:23:56:677 SUSE/(4130:4140): I = 9
[INFO] 17:23:56:677 SUSE/(4130:4140): AAA = 9
[INFO] 17:23:56:677 SUSE/(4130:4140): EEE = 1
[INFO] 17:24:06:678 SUSE/(4130:4140): Grado de multiprogramación: 0
[INFO] 17:24:06:678 SUSE/(4130:4140): Métricas del hilo 0 del programa 4146: 
[INFO] 17:24:06:678 SUSE/(4130:4140): 	tiempo de ejecución: -416350955 ms
[INFO] 17:24:06:678 SUSE/(4130:4140): 	tiempo de espera: 0 ms
[INFO] 17:24:06:678 SUSE/(4130:4140): 	tiempo de uso de CPU: 0 ms
[INFO] 17:24:06:678 SUSE/(4130:4140): Métricas del hilo 1 del programa 4146: 
[INFO] 17:24:06:678 SUSE/(4130:4140): 	tiempo de ejecución: -1576252944736 ms
[INFO] 17:24:06:678 SUSE/(4130:4140): 	tiempo de espera: 0 ms
[INFO] 17:24:06:678 SUSE/(4130:4140): 	tiempo de uso de CPU: 0 ms
[INFO] 17:24:06:678 SUSE/(4130:4140): Métricas del hilo 2 del programa 4146: 
[INFO] 17:24:06:678 SUSE/(4130:4140): 	tiempo de ejecución: -1576252944736 ms
[INFO] 17:24:06:678 SUSE/(4130:4140): 	tiempo de espera: 0 ms
[INFO] 17:24:06:678 SUSE/(4130:4140): 	tiempo de uso de CPU: 0 ms
[INFO] 17:24:06:678 SUSE/(4130:4140): Métricas del hilo 3 del programa 4146: 
[INFO] 17:24:06:678 SUSE/(4130:4140): 	tiempo de ejecución: -1576252944735 ms
[INFO] 17:24:06:678 SUSE/(4130:4140): 	tiempo de espera: 0 ms
[INFO] 17:24:06:678 SUSE/(4130:4140): 	tiempo de uso de CPU: 0 ms
[INFO] 17:24:06:678 SUSE/(4130:4140): FFF = 2
[INFO] 17:24:06:678 SUSE/(4130:4140): G = 3
[INFO] 17:24:06:678 SUSE/(4130:4140): B = 2
[INFO] 17:24:06:678 SUSE/(4130:4140): CCC = 7
[INFO] 17:24:06:678 SUSE/(4130:4140): H = 4
[INFO] 17:24:06:678 SUSE/(4130:4140): J = 8
[INFO] 17:24:06:678 SUSE/(4130:4140): DDD = 7
[INFO] 17:24:06:678 SUSE/(4130:4140): I = 9
[INFO] 17:24:06:678 SUSE/(4130:4140): AAA = 9
[INFO] 17:24:06:678 SUSE/(4130:4140): EEE = 1
[INFO] 17:28:09:148 SUSE/(4412:4419): Grado de multiprogramación: 0
[INFO] 17:28:09:148 SUSE/(4412:4419): FFF = 2
[INFO] 17:28:09:148 SUSE/(4412:4419): G = 3
[INFO] 17:28:09:148 SUSE/(4412:4419): B = 2
[INFO] 17:28:09:148 SUSE/(4412:4419): CCC = 7
[INFO] 17:28:09:148 SUSE/(4412:4419): H = 4
[INFO] 17:28:09:148 SUSE/(4412:4419): J = 8
[INFO] 17:28:09:148 SUSE/(4412:4419): DDD = 7
[INFO] 17:28:09:148 SUSE/(4412:4419): I = 9
[INFO] 17:28:09:148 SUSE/(4412:4419): AAA = 9
[INFO] 17:28:09:148 SUSE/(4412:4419): EEE = 1
[INFO] 17:28:51:498 SUSE/(4412:4419): Grado de multiprogramación: 0
[INFO] 17:28:51:498 SUSE/(4412:4419): Métricas del hilo 0 del programa 4421: 
[INFO] 17:29:27:363 SUSE/(4412:4419): 	tiempo de ejecución: -1576252959529 ms
[INFO] 17:29:27:363 SUSE/(4412:4419): 	tiempo de espera: 0 ms
[INFO] 17:29:27:363 SUSE/(4412:4419): 	tiempo de uso de CPU: 0 ms
[INFO] 17:29:27:363 SUSE/(4412:4419): FFF = 2
[INFO] 17:29:27:363 SUSE/(4412:4419): G = 3
[INFO] 17:29:27:363 SUSE/(4412:4419): B = 2
[INFO] 17:29:27:363 SUSE/(4412:4419): CCC = 7
[INFO] 17:29:27:363 SUSE/(4412:4419): H = 4
[INFO] 17:29:27:363 SUSE/(4412:4419): J = 8
[INFO] 17:29:27:363 SUSE/(4412:4419): DDD = 7
[INFO] 17:29:27:363 SUSE/(4412:4419): I = 9
[INFO] 17:29:27:363 SUSE/(4412:4419): AAA = 9
[INFO] 17:29:27:363 SUSE/(4412:4419): EEE = 1
[INFO] 17:29:37:366 SUSE/(4412:4419): Grado de multiprogramación: 0
[INFO] 17:29:37:366 SUSE/(4412:4419): Métricas del hilo 0 del programa 4421: 
[INFO] 17:31:24:710 SUSE/(4529:4541): Grado de multiprogramación: 0
[INFO] 17:31:24:710 SUSE/(4529:4541): FFF = 2
[INFO] 17:31:24:710 SUSE/(4529:4541): G = 3
[INFO] 17:31:24:710 SUSE/(4529:4541): B = 2
[INFO] 17:31:24:710 SUSE/(4529:4541): CCC = 7
[INFO] 17:31:24:710 SUSE/(4529:4541): H = 4
[INFO] 17:31:24:710 SUSE/(4529:4541): J = 8
[INFO] 17:31:24:710 SUSE/(4529:4541): DDD = 7
[INFO] 17:31:24:710 SUSE/(4529:4541): I = 9
[INFO] 17:31:24:710 SUSE/(4529:4541): AAA = 9
[INFO] 17:31:24:710 SUSE/(4529:4541): EEE = 1
[INFO] 17:31:54:845 SUSE/(4529:4541): Grado de multiprogramación: 0
[INFO] 17:31:54:845 SUSE/(4529:4541): FFF = 2
[INFO] 17:31:54:845 SUSE/(4529:4541): G = 3
[INFO] 17:31:54:845 SUSE/(4529:4541): B = 2
[INFO] 17:31:54:845 SUSE/(4529:4541): CCC = 7
[INFO] 17:31:54:845 SUSE/(4529:4541): H = 4
[INFO] 17:31:54:845 SUSE/(4529:4541): J = 8
[INFO] 17:31:54:845 SUSE/(4529:4541): DDD = 7
[INFO] 17:31:54:845 SUSE/(4529:4541): I = 9
[INFO] 17:31:54:845 SUSE/(4529:4541): AAA = 9
[INFO] 17:31:54:845 SUSE/(4529:4541): EEE = 1
[INFO] 17:32:04:845 SUSE/(4529:4541): Grado de multiprogramación: 0
[INFO] 17:32:04:845 SUSE/(4529:4541): Métricas del hilo 0 del programa 4543: 
[INFO] 17:33:02:350 SUSE/(4624:4634): Grado de multiprogramación: 0
[INFO] 17:33:02:350 SUSE/(4624:4634): FFF = 2
[INFO] 17:33:02:350 SUSE/(4624:4634): G = 3
[INFO] 17:33:02:350 SUSE/(4624:4634): B = 2
[INFO] 17:33:02:350 SUSE/(4624:4634): CCC = 7
[INFO] 17:33:02:350 SUSE/(4624:4634): H = 4
[INFO] 17:33:02:350 SUSE/(4624:4634): J = 8
[INFO] 17:33:02:350 SUSE/(4624:4634): DDD = 7
[INFO] 17:33:02:350 SUSE/(4624:4634): I = 9
[INFO] 17:33:02:350 SUSE/(4624:4634): AAA = 9
[INFO] 17:33:02:350 SUSE/(4624:4634): EEE = 1
