[INFO] 23:27:20:209 SUSE/(2632:2633): Grado de multiprogramación: 0
[INFO] 23:27:25:222 SUSE/(2632:2633): Grado de multiprogramación: 5
[INFO] 23:27:30:223 SUSE/(2632:2633): Grado de multiprogramación: 5
[INFO] 23:27:35:223 SUSE/(2632:2633): Grado de multiprogramación: 5
[INFO] 23:27:40:224 SUSE/(2632:2633): Grado de multiprogramación: 5
[INFO] 23:27:45:229 SUSE/(2632:2633): Grado de multiprogramación: 5
[INFO] 23:27:50:230 SUSE/(2632:2633): Grado de multiprogramación: 5
[INFO] 23:27:55:231 SUSE/(2632:2633): Grado de multiprogramación: 5
[INFO] 23:28:00:231 SUSE/(2632:2633): Grado de multiprogramación: 5
[INFO] 23:28:05:232 SUSE/(2632:2633): Grado de multiprogramación: 5
[INFO] 23:28:10:232 SUSE/(2632:2633): Grado de multiprogramación: 5
[INFO] 23:28:15:233 SUSE/(2632:2633): Grado de multiprogramación: 5
[INFO] 23:28:20:234 SUSE/(2632:2633): Grado de multiprogramación: 5
[INFO] 00:04:17:543 SUSE/(3136:3137): Grado de multiprogramación: 0
[INFO] 00:04:22:543 SUSE/(3136:3137): Grado de multiprogramación: 0
[INFO] 00:04:27:549 SUSE/(3136:3137): Grado de multiprogramación: 0
[INFO] 00:04:32:550 SUSE/(3136:3137): Grado de multiprogramación: 0
[INFO] 00:04:37:552 SUSE/(3136:3137): Grado de multiprogramación: 0
[INFO] 00:04:42:553 SUSE/(3136:3137): Grado de multiprogramación: 0
[INFO] 00:04:47:555 SUSE/(3136:3137): Grado de multiprogramación: 0
[INFO] 00:04:52:555 SUSE/(3136:3137): Grado de multiprogramación: 0
[INFO] 00:04:57:555 SUSE/(3136:3137): Grado de multiprogramación: 0
[INFO] 00:05:02:556 SUSE/(3136:3137): Grado de multiprogramación: 5
[INFO] 00:05:07:557 SUSE/(3136:3137): Grado de multiprogramación: 5
[INFO] 00:05:12:558 SUSE/(3136:3137): Grado de multiprogramación: 9
[INFO] 00:05:28:801 SUSE/(3239:3240): Grado de multiprogramación: 4
[INFO] 00:05:33:808 SUSE/(3239:3240): Grado de multiprogramación: 4
[INFO] 00:05:38:834 SUSE/(3239:3240): Grado de multiprogramación: 4
[INFO] 00:05:43:834 SUSE/(3239:3240): Grado de multiprogramación: 4
[INFO] 00:05:48:834 SUSE/(3239:3240): Grado de multiprogramación: 4
[INFO] 00:05:53:835 SUSE/(3239:3240): Grado de multiprogramación: 4
[INFO] 00:05:58:884 SUSE/(3239:3240): Grado de multiprogramación: 4
[INFO] 00:06:03:884 SUSE/(3239:3240): Grado de multiprogramación: 4
[INFO] 00:06:08:885 SUSE/(3239:3240): Grado de multiprogramación: 4
[INFO] 00:06:13:892 SUSE/(3239:3240): Grado de multiprogramación: 4
[INFO] 00:06:18:894 SUSE/(3239:3240): Grado de multiprogramación: 4
[INFO] 00:06:23:895 SUSE/(3239:3240): Grado de multiprogramación: 4
[INFO] 00:06:28:899 SUSE/(3239:3240): Grado de multiprogramación: 4
[INFO] 00:06:33:900 SUSE/(3239:3240): Grado de multiprogramación: 7
[INFO] 00:06:38:900 SUSE/(3239:3240): Grado de multiprogramación: 7
[INFO] 00:06:58:735 SUSE/(3397:3398): Grado de multiprogramación: 0
[INFO] 00:07:03:735 SUSE/(3397:3398): Grado de multiprogramación: 0
[INFO] 00:07:08:737 SUSE/(3397:3398): Grado de multiprogramación: 3
[INFO] 00:07:13:739 SUSE/(3397:3398): Grado de multiprogramación: 3
[INFO] 00:07:18:739 SUSE/(3397:3398): Grado de multiprogramación: 3
[INFO] 00:07:23:741 SUSE/(3397:3398): Grado de multiprogramación: 3
[INFO] 00:07:28:746 SUSE/(3397:3398): Grado de multiprogramación: 3
[INFO] 00:07:33:746 SUSE/(3397:3398): Grado de multiprogramación: 3
[INFO] 00:07:38:748 SUSE/(3397:3398): Grado de multiprogramación: 3
[INFO] 00:07:43:754 SUSE/(3397:3398): Grado de multiprogramación: 3
[INFO] 00:07:48:755 SUSE/(3397:3398): Grado de multiprogramación: 3
[INFO] 00:07:53:755 SUSE/(3397:3398): Grado de multiprogramación: 3
[INFO] 00:07:58:765 SUSE/(3397:3398): Grado de multiprogramación: 3
[INFO] 00:08:03:771 SUSE/(3397:3398): Grado de multiprogramación: 3
[INFO] 00:08:08:772 SUSE/(3397:3398): Grado de multiprogramación: 3
[INFO] 00:08:13:772 SUSE/(3397:3398): Grado de multiprogramación: 3
[INFO] 00:08:18:773 SUSE/(3397:3398): Grado de multiprogramación: 3
[INFO] 00:08:23:774 SUSE/(3397:3398): Grado de multiprogramación: 3
[INFO] 00:08:28:791 SUSE/(3397:3398): Grado de multiprogramación: 3
[INFO] 00:08:33:806 SUSE/(3397:3398): Grado de multiprogramación: 3
[INFO] 00:08:38:806 SUSE/(3397:3398): Grado de multiprogramación: 3
[INFO] 00:08:43:811 SUSE/(3397:3398): Grado de multiprogramación: 3
[INFO] 00:08:48:819 SUSE/(3397:3398): Grado de multiprogramación: 3
[INFO] 00:08:53:821 SUSE/(3397:3398): Grado de multiprogramación: 3
[INFO] 00:08:58:822 SUSE/(3397:3398): Grado de multiprogramación: 3
[INFO] 00:09:03:827 SUSE/(3397:3398): Grado de multiprogramación: 3
[INFO] 00:09:08:827 SUSE/(3397:3398): Grado de multiprogramación: 3
[INFO] 00:09:28:939 SUSE/(3495:3496): Grado de multiprogramación: 0
[INFO] 00:09:33:940 SUSE/(3495:3496): Grado de multiprogramación: 3
[INFO] 00:09:38:941 SUSE/(3495:3496): Grado de multiprogramación: 3
[INFO] 00:09:43:942 SUSE/(3495:3496): Grado de multiprogramación: 3
[INFO] 00:09:48:943 SUSE/(3495:3496): Grado de multiprogramación: 3
[INFO] 00:09:53:944 SUSE/(3495:3496): Grado de multiprogramación: 3
[INFO] 00:09:58:944 SUSE/(3495:3496): Grado de multiprogramación: 3
[INFO] 00:10:03:946 SUSE/(3495:3496): Grado de multiprogramación: 3
[INFO] 00:10:08:948 SUSE/(3495:3496): Grado de multiprogramación: 3
[INFO] 00:10:13:954 SUSE/(3495:3496): Grado de multiprogramación: 3
[INFO] 00:10:18:960 SUSE/(3495:3496): Grado de multiprogramación: 3
[INFO] 00:10:23:960 SUSE/(3495:3496): Grado de multiprogramación: 3
[INFO] 00:10:28:963 SUSE/(3495:3496): Grado de multiprogramación: 3
[INFO] 00:10:33:964 SUSE/(3495:3496): Grado de multiprogramación: 3
[INFO] 00:10:38:965 SUSE/(3495:3496): Grado de multiprogramación: 3
[INFO] 00:10:43:969 SUSE/(3495:3496): Grado de multiprogramación: 3
[INFO] 00:10:48:970 SUSE/(3495:3496): Grado de multiprogramación: 3
[INFO] 00:10:53:971 SUSE/(3495:3496): Grado de multiprogramación: 3
[INFO] 00:10:58:972 SUSE/(3495:3496): Grado de multiprogramación: 3
[INFO] 00:11:03:972 SUSE/(3495:3496): Grado de multiprogramación: 3
[INFO] 00:11:08:972 SUSE/(3495:3496): Grado de multiprogramación: 3
[INFO] 00:11:13:973 SUSE/(3495:3496): Grado de multiprogramación: 3
[INFO] 00:11:18:974 SUSE/(3495:3496): Grado de multiprogramación: 3
[INFO] 00:11:23:975 SUSE/(3495:3496): Grado de multiprogramación: 6
[INFO] 00:11:28:975 SUSE/(3495:3496): Grado de multiprogramación: 6
[INFO] 00:11:33:976 SUSE/(3495:3496): Grado de multiprogramación: 6
[INFO] 00:11:38:980 SUSE/(3495:3496): Grado de multiprogramación: 6
[INFO] 00:11:43:980 SUSE/(3495:3496): Grado de multiprogramación: 6
[INFO] 00:11:48:981 SUSE/(3495:3496): Grado de multiprogramación: 6
[INFO] 00:11:53:988 SUSE/(3495:3496): Grado de multiprogramación: 6
[INFO] 00:11:58:997 SUSE/(3495:3496): Grado de multiprogramación: 9
[INFO] 00:12:03:998 SUSE/(3495:3496): Grado de multiprogramación: 9
[INFO] 00:12:08:998 SUSE/(3495:3496): Grado de multiprogramación: 9
[INFO] 00:12:13:999 SUSE/(3495:3496): Grado de multiprogramación: 9
[INFO] 00:12:18:999 SUSE/(3495:3496): Grado de multiprogramación: 9
[INFO] 00:12:24:3 SUSE/(3495:3496): Grado de multiprogramación: 9
[INFO] 00:12:29:3 SUSE/(3495:3496): Grado de multiprogramación: 9
[INFO] 00:12:34:3 SUSE/(3495:3496): Grado de multiprogramación: 9
[INFO] 00:12:39:4 SUSE/(3495:3496): Grado de multiprogramación: 9
[INFO] 00:12:44:5 SUSE/(3495:3496): Grado de multiprogramación: 9
[INFO] 00:12:49:21 SUSE/(3495:3496): Grado de multiprogramación: 9
[INFO] 00:12:54:22 SUSE/(3495:3496): Grado de multiprogramación: 9
[INFO] 00:13:10:312 SUSE/(3731:3732): Grado de multiprogramación: 3
[INFO] 00:13:15:319 SUSE/(3731:3732): Grado de multiprogramación: 3
[INFO] 00:13:20:321 SUSE/(3731:3732): Grado de multiprogramación: 3
[INFO] 00:13:25:322 SUSE/(3731:3732): Grado de multiprogramación: 3
[INFO] 00:13:30:323 SUSE/(3731:3732): Grado de multiprogramación: 3
[INFO] 00:13:35:328 SUSE/(3731:3732): Grado de multiprogramación: 3
[INFO] 00:13:40:330 SUSE/(3731:3732): Grado de multiprogramación: 3
[INFO] 00:13:45:331 SUSE/(3731:3732): Grado de multiprogramación: 3
[INFO] 00:13:50:332 SUSE/(3731:3732): Grado de multiprogramación: 3
[INFO] 00:13:55:334 SUSE/(3731:3732): Grado de multiprogramación: 3
[INFO] 00:14:00:336 SUSE/(3731:3732): Grado de multiprogramación: 3
[INFO] 00:14:05:345 SUSE/(3731:3732): Grado de multiprogramación: 3
[INFO] 00:14:10:348 SUSE/(3731:3732): Grado de multiprogramación: 3
[INFO] 00:14:15:349 SUSE/(3731:3732): Grado de multiprogramación: 3
[INFO] 00:14:20:349 SUSE/(3731:3732): Grado de multiprogramación: 3
[INFO] 00:14:25:356 SUSE/(3731:3732): Grado de multiprogramación: 6
[INFO] 00:14:30:357 SUSE/(3731:3732): Grado de multiprogramación: 6
[INFO] 00:14:35:358 SUSE/(3731:3732): Grado de multiprogramación: 6
[INFO] 00:14:40:362 SUSE/(3731:3732): Grado de multiprogramación: 6
[INFO] 00:14:45:381 SUSE/(3731:3732): Grado de multiprogramación: 6
[INFO] 00:14:50:382 SUSE/(3731:3732): Grado de multiprogramación: 6
[INFO] 00:14:55:406 SUSE/(3731:3732): Grado de multiprogramación: 6
[INFO] 00:15:00:418 SUSE/(3731:3732): Grado de multiprogramación: 6
[INFO] 00:15:05:419 SUSE/(3731:3732): Grado de multiprogramación: 6
[INFO] 00:15:10:425 SUSE/(3731:3732): Grado de multiprogramación: 6
[INFO] 00:15:15:425 SUSE/(3731:3732): Grado de multiprogramación: 6
[INFO] 00:15:20:427 SUSE/(3731:3732): Grado de multiprogramación: 6
[INFO] 00:15:25:428 SUSE/(3731:3732): Grado de multiprogramación: 9
[INFO] 00:15:30:428 SUSE/(3731:3732): Grado de multiprogramación: 9
[INFO] 00:15:35:429 SUSE/(3731:3732): Grado de multiprogramación: 9
[INFO] 00:15:40:431 SUSE/(3731:3732): Grado de multiprogramación: 9
[INFO] 00:15:45:431 SUSE/(3731:3732): Grado de multiprogramación: 9
[INFO] 00:15:50:453 SUSE/(3731:3732): Grado de multiprogramación: 9
[INFO] 00:15:55:472 SUSE/(3731:3732): Grado de multiprogramación: 9
[INFO] 00:16:00:478 SUSE/(3731:3732): Grado de multiprogramación: 9
[INFO] 00:16:05:488 SUSE/(3731:3732): Grado de multiprogramación: 9
[INFO] 00:16:10:492 SUSE/(3731:3732): Grado de multiprogramación: 9
[INFO] 00:16:15:492 SUSE/(3731:3732): Grado de multiprogramación: 9
[INFO] 00:16:20:495 SUSE/(3731:3732): Grado de multiprogramación: 9
[INFO] 00:16:25:496 SUSE/(3731:3732): Grado de multiprogramación: 9
[INFO] 00:16:30:496 SUSE/(3731:3732): Grado de multiprogramación: 9
[INFO] 00:16:35:498 SUSE/(3731:3732): Grado de multiprogramación: 9
[INFO] 00:16:40:508 SUSE/(3731:3732): Grado de multiprogramación: 9
[INFO] 00:16:45:509 SUSE/(3731:3732): Grado de multiprogramación: 9
[INFO] 00:16:50:509 SUSE/(3731:3732): Grado de multiprogramación: 9
[INFO] 00:16:55:514 SUSE/(3731:3732): Grado de multiprogramación: 9
[INFO] 00:17:00:519 SUSE/(3731:3732): Grado de multiprogramación: 9
[INFO] 00:17:05:521 SUSE/(3731:3732): Grado de multiprogramación: 9
[INFO] 00:17:10:522 SUSE/(3731:3732): Grado de multiprogramación: 9
[INFO] 00:17:15:524 SUSE/(3731:3732): Grado de multiprogramación: 9
[INFO] 00:17:20:525 SUSE/(3731:3732): Grado de multiprogramación: 9
[INFO] 00:17:25:530 SUSE/(3731:3732): Grado de multiprogramación: 9
[INFO] 00:17:30:531 SUSE/(3731:3732): Grado de multiprogramación: 9
[INFO] 00:17:35:533 SUSE/(3731:3732): Grado de multiprogramación: 9
[INFO] 00:17:40:533 SUSE/(3731:3732): Grado de multiprogramación: 9
[INFO] 00:17:45:533 SUSE/(3731:3732): Grado de multiprogramación: 9
[INFO] 00:17:50:534 SUSE/(3731:3732): Grado de multiprogramación: 9
[INFO] 00:17:55:535 SUSE/(3731:3732): Grado de multiprogramación: 9
[INFO] 00:18:00:536 SUSE/(3731:3732): Grado de multiprogramación: 9
[INFO] 00:18:05:546 SUSE/(3731:3732): Grado de multiprogramación: 9
[INFO] 00:18:10:548 SUSE/(3731:3732): Grado de multiprogramación: 9
[INFO] 00:18:15:549 SUSE/(3731:3732): Grado de multiprogramación: 9
[INFO] 00:18:20:550 SUSE/(3731:3732): Grado de multiprogramación: 9
[INFO] 00:18:25:557 SUSE/(3731:3732): Grado de multiprogramación: 9
[INFO] 00:18:30:571 SUSE/(3731:3732): Grado de multiprogramación: 9
[INFO] 00:18:35:572 SUSE/(3731:3732): Grado de multiprogramación: 9
[INFO] 00:18:40:576 SUSE/(3731:3732): Grado de multiprogramación: 9
[INFO] 00:18:45:577 SUSE/(3731:3732): Grado de multiprogramación: 9
[INFO] 00:18:50:579 SUSE/(3731:3732): Grado de multiprogramación: 9
[INFO] 00:18:55:580 SUSE/(3731:3732): Grado de multiprogramación: 9
[INFO] 00:19:00:582 SUSE/(3731:3732): Grado de multiprogramación: 9
[INFO] 00:19:05:583 SUSE/(3731:3732): Grado de multiprogramación: 9
[INFO] 00:19:10:586 SUSE/(3731:3732): Grado de multiprogramación: 9
[INFO] 00:19:15:591 SUSE/(3731:3732): Grado de multiprogramación: 9
[INFO] 00:19:20:592 SUSE/(3731:3732): Grado de multiprogramación: 9
[INFO] 00:19:25:605 SUSE/(3731:3732): Grado de multiprogramación: 9
[INFO] 01:05:21:982 SUSE/(4712:4713): Grado de multiprogramación: 0
[INFO] 01:05:26:982 SUSE/(4712:4713): Grado de multiprogramación: 0
[INFO] 01:05:31:987 SUSE/(4712:4713): Grado de multiprogramación: 3
[INFO] 03:12:35:774 SUSE/(2372:2373): Grado de multiprogramación: 0
[INFO] 03:12:40:774 SUSE/(2372:2373): Grado de multiprogramación: 0
[INFO] 03:12:45:776 SUSE/(2372:2373): Grado de multiprogramación: 3
[INFO] 03:12:50:779 SUSE/(2372:2373): Grado de multiprogramación: 3
[INFO] 03:12:55:784 SUSE/(2372:2373): Grado de multiprogramación: 3
[INFO] 03:13:00:784 SUSE/(2372:2373): Grado de multiprogramación: 3
[INFO] 03:13:05:785 SUSE/(2372:2373): Grado de multiprogramación: 3
[INFO] 03:13:10:785 SUSE/(2372:2373): Grado de multiprogramación: 3
[INFO] 03:13:15:786 SUSE/(2372:2373): Grado de multiprogramación: 3
[INFO] 03:13:20:788 SUSE/(2372:2373): Grado de multiprogramación: 3
[INFO] 03:13:25:788 SUSE/(2372:2373): Grado de multiprogramación: 3
[INFO] 03:13:30:789 SUSE/(2372:2373): Grado de multiprogramación: 3
[INFO] 03:13:35:789 SUSE/(2372:2373): Grado de multiprogramación: 3
[INFO] 03:13:40:790 SUSE/(2372:2373): Grado de multiprogramación: 3
[INFO] 03:13:45:791 SUSE/(2372:2373): Grado de multiprogramación: 3
[INFO] 03:13:50:791 SUSE/(2372:2373): Grado de multiprogramación: 3
[INFO] 03:13:55:797 SUSE/(2372:2373): Grado de multiprogramación: 3
[INFO] 03:14:00:798 SUSE/(2372:2373): Grado de multiprogramación: 3
[INFO] 03:14:05:804 SUSE/(2372:2373): Grado de multiprogramación: 3
[INFO] 03:14:10:804 SUSE/(2372:2373): Grado de multiprogramación: 3
[INFO] 03:14:15:804 SUSE/(2372:2373): Grado de multiprogramación: 3
[INFO] 03:14:20:806 SUSE/(2372:2373): Grado de multiprogramación: 3
[INFO] 03:14:25:806 SUSE/(2372:2373): Grado de multiprogramación: 3
[INFO] 03:19:57:84 SUSE/(3207:3208): Grado de multiprogramación: 0
[INFO] 03:20:02:85 SUSE/(3207:3208): Grado de multiprogramación: 0
[INFO] 03:30:54:789 SUSE/(3470:3471): Grado de multiprogramación: 0
[INFO] 03:30:59:815 SUSE/(3470:3471): Grado de multiprogramación: 0
[INFO] 03:31:04:836 SUSE/(3470:3471): Grado de multiprogramación: 3
[INFO] 03:31:04:836 SUSE/(3470:3471): Métricas del hilo 1: 
[INFO] 03:31:04:836 SUSE/(3470:3471): tiempo de ejecución: 0
[INFO] 03:31:04:836 SUSE/(3470:3471): tiempo de espera: 0
[INFO] 03:31:04:836 SUSE/(3470:3471): tiempo de uso de CPU: 0
[INFO] 03:31:04:836 SUSE/(3470:3471): Métricas del hilo 1: 
[INFO] 03:31:04:836 SUSE/(3470:3471): tiempo de ejecución: 0
[INFO] 03:31:04:836 SUSE/(3470:3471): tiempo de espera: 0
[INFO] 03:31:04:837 SUSE/(3470:3471): tiempo de uso de CPU: 0
[INFO] 03:31:04:837 SUSE/(3470:3471): Métricas del hilo 0: 
[INFO] 03:31:04:837 SUSE/(3470:3471): tiempo de ejecución: 0
[INFO] 03:31:04:837 SUSE/(3470:3471): tiempo de espera: 0
[INFO] 03:31:04:837 SUSE/(3470:3471): tiempo de uso de CPU: 0
[INFO] 03:31:04:837 SUSE/(3470:3471): Métricas del hilo 0: 
[INFO] 03:31:04:837 SUSE/(3470:3471): tiempo de ejecución: 0
[INFO] 03:31:04:837 SUSE/(3470:3471): tiempo de espera: 0
[INFO] 03:31:04:837 SUSE/(3470:3471): tiempo de uso de CPU: 0
[INFO] 03:31:04:837 SUSE/(3470:3471): Métricas del hilo 1: 
[INFO] 03:31:04:837 SUSE/(3470:3471): tiempo de ejecución: 0
[INFO] 03:31:04:837 SUSE/(3470:3471): tiempo de espera: 0
[INFO] 03:31:04:837 SUSE/(3470:3471): tiempo de uso de CPU: 0
[INFO] 03:31:04:837 SUSE/(3470:3471): Métricas del hilo 2: 
[INFO] 03:31:04:837 SUSE/(3470:3471): tiempo de ejecución: 0
[INFO] 03:31:04:837 SUSE/(3470:3471): tiempo de espera: 0
[INFO] 03:31:04:837 SUSE/(3470:3471): tiempo de uso de CPU: 0
[INFO] 03:31:04:837 SUSE/(3470:3471): Métricas del hilo 3: 
[INFO] 03:31:04:837 SUSE/(3470:3471): tiempo de ejecución: 0
[INFO] 03:31:04:837 SUSE/(3470:3471): tiempo de espera: 0
[INFO] 03:31:04:837 SUSE/(3470:3471): tiempo de uso de CPU: 0
[INFO] 03:31:28:175 SUSE/(3488:3489): Grado de multiprogramación: 3
[INFO] 03:31:28:176 SUSE/(3488:3489): Métricas del hilo 1: 
[INFO] 03:31:28:177 SUSE/(3488:3489): tiempo de ejecución: 0
[INFO] 03:31:28:177 SUSE/(3488:3489): tiempo de espera: 0
[INFO] 03:31:28:177 SUSE/(3488:3489): tiempo de uso de CPU: 0
[INFO] 03:31:28:177 SUSE/(3488:3489): Métricas del hilo 1: 
[INFO] 03:31:28:178 SUSE/(3488:3489): tiempo de ejecución: 0
[INFO] 03:31:28:178 SUSE/(3488:3489): tiempo de espera: 0
[INFO] 03:31:28:178 SUSE/(3488:3489): tiempo de uso de CPU: 0
[INFO] 03:31:28:179 SUSE/(3488:3489): Métricas del hilo 0: 
[INFO] 03:31:28:179 SUSE/(3488:3489): tiempo de ejecución: 0
[INFO] 03:31:28:179 SUSE/(3488:3489): tiempo de espera: 0
[INFO] 03:31:28:179 SUSE/(3488:3489): tiempo de uso de CPU: 0
[INFO] 03:31:28:180 SUSE/(3488:3489): Métricas del hilo 0: 
[INFO] 03:31:28:180 SUSE/(3488:3489): tiempo de ejecución: 0
[INFO] 03:31:28:180 SUSE/(3488:3489): tiempo de espera: 0
[INFO] 03:31:28:180 SUSE/(3488:3489): tiempo de uso de CPU: 0
[INFO] 03:31:28:180 SUSE/(3488:3489): Métricas del hilo 1: 
[INFO] 03:31:28:180 SUSE/(3488:3489): tiempo de ejecución: 0
[INFO] 03:31:28:181 SUSE/(3488:3489): tiempo de espera: 0
[INFO] 03:31:28:181 SUSE/(3488:3489): tiempo de uso de CPU: 0
[INFO] 03:31:28:181 SUSE/(3488:3489): Métricas del hilo 2: 
[INFO] 03:31:28:181 SUSE/(3488:3489): tiempo de ejecución: 0
[INFO] 03:31:28:181 SUSE/(3488:3489): tiempo de espera: 0
[INFO] 03:31:28:181 SUSE/(3488:3489): tiempo de uso de CPU: 0
[INFO] 03:31:28:182 SUSE/(3488:3489): Métricas del hilo 3: 
[INFO] 03:31:28:182 SUSE/(3488:3489): tiempo de ejecución: 0
[INFO] 03:31:28:182 SUSE/(3488:3489): tiempo de espera: 0
[INFO] 03:31:28:182 SUSE/(3488:3489): tiempo de uso de CPU: 0
[INFO] 03:35:17:391 SUSE/(3580:3581): Grado de multiprogramación: 3
[INFO] 03:35:17:391 SUSE/(3580:3581): Métricas del hilo 1: 
[INFO] 03:35:17:391 SUSE/(3580:3581): tiempo de ejecución: 0
[INFO] 03:35:17:391 SUSE/(3580:3581): tiempo de espera: 0
[INFO] 03:35:17:391 SUSE/(3580:3581): tiempo de uso de CPU: 0
[INFO] 03:35:17:391 SUSE/(3580:3581): Métricas del hilo 0: 
[INFO] 03:35:17:391 SUSE/(3580:3581): tiempo de ejecución: 0
[INFO] 03:35:17:391 SUSE/(3580:3581): tiempo de espera: 0
[INFO] 03:35:17:391 SUSE/(3580:3581): tiempo de uso de CPU: 0
[INFO] 03:35:17:391 SUSE/(3580:3581): Métricas del hilo 0: 
[INFO] 03:35:17:391 SUSE/(3580:3581): tiempo de ejecución: 0
[INFO] 03:35:17:391 SUSE/(3580:3581): tiempo de espera: 0
[INFO] 03:35:17:391 SUSE/(3580:3581): tiempo de uso de CPU: 0
[INFO] 03:35:17:391 SUSE/(3580:3581): Métricas del hilo 1: 
[INFO] 03:35:17:391 SUSE/(3580:3581): tiempo de ejecución: 0
[INFO] 03:35:17:391 SUSE/(3580:3581): tiempo de espera: 0
[INFO] 03:35:17:391 SUSE/(3580:3581): tiempo de uso de CPU: 0
[INFO] 03:35:17:392 SUSE/(3580:3581): Métricas del hilo 2: 
[INFO] 03:35:17:392 SUSE/(3580:3581): tiempo de ejecución: 0
[INFO] 03:35:17:392 SUSE/(3580:3581): tiempo de espera: 0
[INFO] 03:35:17:392 SUSE/(3580:3581): tiempo de uso de CPU: 0
[INFO] 03:35:17:392 SUSE/(3580:3581): Métricas del hilo 3: 
[INFO] 03:35:17:392 SUSE/(3580:3581): tiempo de ejecución: 0
[INFO] 03:35:17:392 SUSE/(3580:3581): tiempo de espera: 0
[INFO] 03:35:17:392 SUSE/(3580:3581): tiempo de uso de CPU: 0
[INFO] 03:37:05:411 SUSE/(3674:3675): Grado de multiprogramación: 3
[INFO] 03:37:10:413 SUSE/(3674:3675): Grado de multiprogramación: 3
[INFO] 03:37:15:413 SUSE/(3674:3675): Grado de multiprogramación: 3
[INFO] 03:37:20:419 SUSE/(3674:3675): Grado de multiprogramación: 3
[INFO] 03:37:25:419 SUSE/(3674:3675): Grado de multiprogramación: 3
[INFO] 03:37:30:421 SUSE/(3674:3675): Grado de multiprogramación: 3
[INFO] 03:37:35:423 SUSE/(3674:3675): Grado de multiprogramación: 3
[INFO] 03:37:40:425 SUSE/(3674:3675): Grado de multiprogramación: 3
[INFO] 03:37:45:426 SUSE/(3674:3675): Grado de multiprogramación: 3
[INFO] 03:37:50:426 SUSE/(3674:3675): Grado de multiprogramación: 3
[INFO] 03:37:55:429 SUSE/(3674:3675): Grado de multiprogramación: 3
[INFO] 03:38:00:482 SUSE/(3674:3675): Grado de multiprogramación: 3
[INFO] 03:38:05:483 SUSE/(3674:3675): Grado de multiprogramación: 3
[INFO] 03:38:10:483 SUSE/(3674:3675): Grado de multiprogramación: 3
[INFO] 03:38:15:483 SUSE/(3674:3675): Grado de multiprogramación: 3
[INFO] 03:38:38:450 SUSE/(3783:3784): Grado de multiprogramación: 3
[INFO] 03:38:43:450 SUSE/(3783:3784): Grado de multiprogramación: 3
[INFO] 03:38:48:451 SUSE/(3783:3784): Grado de multiprogramación: 3
[INFO] 03:38:53:451 SUSE/(3783:3784): Grado de multiprogramación: 3
[INFO] 03:38:58:456 SUSE/(3783:3784): Grado de multiprogramación: 3
[INFO] 03:39:03:479 SUSE/(3783:3784): Grado de multiprogramación: 3
[INFO] 03:39:08:481 SUSE/(3783:3784): Grado de multiprogramación: 3
[INFO] 03:39:13:481 SUSE/(3783:3784): Grado de multiprogramación: 3
[INFO] 03:39:32:162 SUSE/(3869:3870): Grado de multiprogramación: 3
[INFO] 03:39:37:164 SUSE/(3869:3870): Grado de multiprogramación: 3
[INFO] 03:39:42:164 SUSE/(3869:3870): Grado de multiprogramación: 3
[INFO] 03:39:47:164 SUSE/(3869:3870): Grado de multiprogramación: 3
[INFO] 03:39:52:165 SUSE/(3869:3870): Grado de multiprogramación: 3
[INFO] 03:39:57:166 SUSE/(3869:3870): Grado de multiprogramación: 3
[INFO] 03:40:02:166 SUSE/(3869:3870): Grado de multiprogramación: 3
[INFO] 03:40:07:166 SUSE/(3869:3870): Grado de multiprogramación: 3
[INFO] 03:40:12:167 SUSE/(3869:3870): Grado de multiprogramación: 3
[INFO] 03:40:17:168 SUSE/(3869:3870): Grado de multiprogramación: 3
[INFO] 03:40:22:169 SUSE/(3869:3870): Grado de multiprogramación: 3
[INFO] 03:40:27:169 SUSE/(3869:3870): Grado de multiprogramación: 3
[INFO] 03:40:32:170 SUSE/(3869:3870): Grado de multiprogramación: 3
[INFO] 03:40:37:170 SUSE/(3869:3870): Grado de multiprogramación: 3
[INFO] 03:40:58:137 SUSE/(3969:3970): Grado de multiprogramación: 3
[INFO] 03:41:03:137 SUSE/(3969:3970): Grado de multiprogramación: 3
[INFO] 03:41:08:142 SUSE/(3969:3970): Grado de multiprogramación: 3
[INFO] 03:41:13:142 SUSE/(3969:3970): Grado de multiprogramación: 3
[INFO] 03:41:18:143 SUSE/(3969:3970): Grado de multiprogramación: 3
[INFO] 03:41:23:143 SUSE/(3969:3970): Grado de multiprogramación: 3
[INFO] 03:41:28:144 SUSE/(3969:3970): Grado de multiprogramación: 3
[INFO] 03:41:33:144 SUSE/(3969:3970): Grado de multiprogramación: 3
[INFO] 03:41:38:145 SUSE/(3969:3970): Grado de multiprogramación: 3
[INFO] 03:41:43:146 SUSE/(3969:3970): Grado de multiprogramación: 3
[INFO] 03:41:48:146 SUSE/(3969:3970): Grado de multiprogramación: 3
[INFO] 03:41:53:147 SUSE/(3969:3970): Grado de multiprogramación: 3
[INFO] 03:41:58:148 SUSE/(3969:3970): Grado de multiprogramación: 3
[INFO] 03:42:03:149 SUSE/(3969:3970): Grado de multiprogramación: 3
[INFO] 03:42:08:150 SUSE/(3969:3970): Grado de multiprogramación: 3
[INFO] 03:42:13:150 SUSE/(3969:3970): Grado de multiprogramación: 3
[INFO] 03:42:18:150 SUSE/(3969:3970): Grado de multiprogramación: 3
[INFO] 03:42:23:151 SUSE/(3969:3970): Grado de multiprogramación: 3
[INFO] 03:42:28:151 SUSE/(3969:3970): Grado de multiprogramación: 3
[INFO] 03:42:33:157 SUSE/(3969:3970): Grado de multiprogramación: 3
[INFO] 03:42:38:158 SUSE/(3969:3970): Grado de multiprogramación: 3
[INFO] 03:42:43:164 SUSE/(3969:3970): Grado de multiprogramación: 3
[INFO] 03:42:48:165 SUSE/(3969:3970): Grado de multiprogramación: 3
[INFO] 03:42:53:165 SUSE/(3969:3970): Grado de multiprogramación: 3
[INFO] 03:42:58:165 SUSE/(3969:3970): Grado de multiprogramación: 3
[INFO] 03:43:03:166 SUSE/(3969:3970): Grado de multiprogramación: 3
[INFO] 03:43:08:167 SUSE/(3969:3970): Grado de multiprogramación: 3
[INFO] 03:43:13:168 SUSE/(3969:3970): Grado de multiprogramación: 3
[INFO] 03:43:18:168 SUSE/(3969:3970): Grado de multiprogramación: 3
[INFO] 03:43:23:169 SUSE/(3969:3970): Grado de multiprogramación: 3
[INFO] 03:43:28:173 SUSE/(3969:3970): Grado de multiprogramación: 3
[INFO] 03:43:33:173 SUSE/(3969:3970): Grado de multiprogramación: 3
[INFO] 03:43:38:175 SUSE/(3969:3970): Grado de multiprogramación: 3
[INFO] 03:47:43:522 SUSE/(4124:4125): Grado de multiprogramación: 3
[INFO] 03:47:48:522 SUSE/(4124:4125): Grado de multiprogramación: 3
[INFO] 03:47:53:523 SUSE/(4124:4125): Grado de multiprogramación: 3
[INFO] 03:47:58:523 SUSE/(4124:4125): Grado de multiprogramación: 3
[INFO] 03:48:03:523 SUSE/(4124:4125): Grado de multiprogramación: 3
[INFO] 03:48:08:523 SUSE/(4124:4125): Grado de multiprogramación: 3
[INFO] 03:48:13:524 SUSE/(4124:4125): Grado de multiprogramación: 3
[INFO] 03:48:18:525 SUSE/(4124:4125): Grado de multiprogramación: 3
[INFO] 03:48:23:532 SUSE/(4124:4125): Grado de multiprogramación: 3
[INFO] 03:48:28:533 SUSE/(4124:4125): Grado de multiprogramación: 3
[INFO] 03:48:33:533 SUSE/(4124:4125): Grado de multiprogramación: 3
[INFO] 03:48:38:534 SUSE/(4124:4125): Grado de multiprogramación: 3
[INFO] 03:48:43:535 SUSE/(4124:4125): Grado de multiprogramación: 3
[INFO] 03:48:48:536 SUSE/(4124:4125): Grado de multiprogramación: 3
[INFO] 03:48:53:536 SUSE/(4124:4125): Grado de multiprogramación: 3
[INFO] 03:48:58:537 SUSE/(4124:4125): Grado de multiprogramación: 3
[INFO] 03:49:03:543 SUSE/(4124:4125): Grado de multiprogramación: 3
[INFO] 03:49:08:545 SUSE/(4124:4125): Grado de multiprogramación: 3
[INFO] 03:49:13:546 SUSE/(4124:4125): Grado de multiprogramación: 3
[INFO] 03:49:18:547 SUSE/(4124:4125): Grado de multiprogramación: 3
[INFO] 03:49:23:548 SUSE/(4124:4125): Grado de multiprogramación: 3
[INFO] 03:49:28:555 SUSE/(4124:4125): Grado de multiprogramación: 3
[INFO] 03:49:33:576 SUSE/(4124:4125): Grado de multiprogramación: 3
[INFO] 03:49:38:587 SUSE/(4124:4125): Grado de multiprogramación: 3
[INFO] 03:49:43:588 SUSE/(4124:4125): Grado de multiprogramación: 3
[INFO] 03:49:48:590 SUSE/(4124:4125): Grado de multiprogramación: 3
[INFO] 03:49:53:591 SUSE/(4124:4125): Grado de multiprogramación: 3
[INFO] 03:49:58:591 SUSE/(4124:4125): Grado de multiprogramación: 3
[INFO] 03:50:03:592 SUSE/(4124:4125): Grado de multiprogramación: 3
[INFO] 03:50:08:593 SUSE/(4124:4125): Grado de multiprogramación: 3
[INFO] 03:50:13:593 SUSE/(4124:4125): Grado de multiprogramación: 3
[INFO] 03:50:18:593 SUSE/(4124:4125): Grado de multiprogramación: 3
[INFO] 03:50:23:594 SUSE/(4124:4125): Grado de multiprogramación: 3
[INFO] 03:50:28:594 SUSE/(4124:4125): Grado de multiprogramación: 3
[INFO] 03:50:33:609 SUSE/(4124:4125): Grado de multiprogramación: 3
[INFO] 03:50:38:610 SUSE/(4124:4125): Grado de multiprogramación: 3
[INFO] 03:50:43:610 SUSE/(4124:4125): Grado de multiprogramación: 3
[INFO] 03:50:48:611 SUSE/(4124:4125): Grado de multiprogramación: 3
[INFO] 03:50:53:628 SUSE/(4124:4125): Grado de multiprogramación: 6
[INFO] 03:50:58:629 SUSE/(4124:4125): Grado de multiprogramación: 6
[INFO] 03:51:03:630 SUSE/(4124:4125): Grado de multiprogramación: 6
[INFO] 03:51:08:635 SUSE/(4124:4125): Grado de multiprogramación: 6
[INFO] 03:51:13:635 SUSE/(4124:4125): Grado de multiprogramación: 6
[INFO] 03:51:18:639 SUSE/(4124:4125): Grado de multiprogramación: 6
[INFO] 03:51:23:640 SUSE/(4124:4125): Grado de multiprogramación: 6
[INFO] 03:51:28:640 SUSE/(4124:4125): Grado de multiprogramación: 6
[INFO] 03:51:33:641 SUSE/(4124:4125): Grado de multiprogramación: 6
[INFO] 03:51:38:641 SUSE/(4124:4125): Grado de multiprogramación: 6
[INFO] 03:51:43:644 SUSE/(4124:4125): Grado de multiprogramación: 9
[INFO] 03:51:48:644 SUSE/(4124:4125): Grado de multiprogramación: 9
[INFO] 03:51:53:645 SUSE/(4124:4125): Grado de multiprogramación: 9
[INFO] 03:51:58:646 SUSE/(4124:4125): Grado de multiprogramación: 9
[INFO] 03:52:03:647 SUSE/(4124:4125): Grado de multiprogramación: 9
[INFO] 03:52:08:648 SUSE/(4124:4125): Grado de multiprogramación: 9
[INFO] 03:52:13:648 SUSE/(4124:4125): Grado de multiprogramación: 9
[INFO] 03:52:18:649 SUSE/(4124:4125): Grado de multiprogramación: 9
[INFO] 03:52:23:653 SUSE/(4124:4125): Grado de multiprogramación: 9
[INFO] 03:52:28:654 SUSE/(4124:4125): Grado de multiprogramación: 9
[INFO] 03:52:33:655 SUSE/(4124:4125): Grado de multiprogramación: 9
[INFO] 03:52:38:660 SUSE/(4124:4125): Grado de multiprogramación: 9
[INFO] 03:52:43:660 SUSE/(4124:4125): Grado de multiprogramación: 9
[INFO] 03:52:48:661 SUSE/(4124:4125): Grado de multiprogramación: 9
[INFO] 03:52:53:662 SUSE/(4124:4125): Grado de multiprogramación: 9
[INFO] 03:52:58:662 SUSE/(4124:4125): Grado de multiprogramación: 9
[INFO] 03:53:03:663 SUSE/(4124:4125): Grado de multiprogramación: 9
[INFO] 03:53:08:664 SUSE/(4124:4125): Grado de multiprogramación: 9
[INFO] 03:53:13:665 SUSE/(4124:4125): Grado de multiprogramación: 9
[INFO] 03:53:18:665 SUSE/(4124:4125): Grado de multiprogramación: 9
[INFO] 03:53:41:568 SUSE/(4281:4282): Grado de multiprogramación: 3
[INFO] 03:53:46:568 SUSE/(4281:4282): Grado de multiprogramación: 3
[INFO] 03:53:51:569 SUSE/(4281:4282): Grado de multiprogramación: 3
[INFO] 03:53:56:570 SUSE/(4281:4282): Grado de multiprogramación: 6
[INFO] 03:54:01:571 SUSE/(4281:4282): Grado de multiprogramación: 6
[INFO] 03:54:06:573 SUSE/(4281:4282): Grado de multiprogramación: 6
[INFO] 03:55:46:219 SUSE/(4378:4379): Grado de multiprogramación: 3
[INFO] 03:55:51:219 SUSE/(4378:4379): Grado de multiprogramación: 3
[INFO] 03:55:56:220 SUSE/(4378:4379): Grado de multiprogramación: 3
[INFO] 03:56:01:221 SUSE/(4378:4379): Grado de multiprogramación: 3
[INFO] 03:56:06:222 SUSE/(4378:4379): Grado de multiprogramación: 3
[INFO] 03:56:11:271 SUSE/(4378:4379): Grado de multiprogramación: 3
[INFO] 03:56:16:273 SUSE/(4378:4379): Grado de multiprogramación: 3
[INFO] 03:56:21:278 SUSE/(4378:4379): Grado de multiprogramación: 3
[INFO] 03:56:26:283 SUSE/(4378:4379): Grado de multiprogramación: 3
[INFO] 03:56:31:285 SUSE/(4378:4379): Grado de multiprogramación: 3
[INFO] 03:56:36:287 SUSE/(4378:4379): Grado de multiprogramación: 3
[INFO] 03:56:41:288 SUSE/(4378:4379): Grado de multiprogramación: 3
[INFO] 03:56:46:288 SUSE/(4378:4379): Grado de multiprogramación: 3
[INFO] 03:56:51:292 SUSE/(4378:4379): Grado de multiprogramación: 3
[INFO] 03:56:56:292 SUSE/(4378:4379): Grado de multiprogramación: 3
[INFO] 03:57:01:299 SUSE/(4378:4379): Grado de multiprogramación: 3
[INFO] 03:57:06:299 SUSE/(4378:4379): Grado de multiprogramación: 6
[INFO] 03:57:11:300 SUSE/(4378:4379): Grado de multiprogramación: 6
[INFO] 03:57:16:301 SUSE/(4378:4379): Grado de multiprogramación: 6
[INFO] 03:57:21:301 SUSE/(4378:4379): Grado de multiprogramación: 6
[INFO] 03:57:26:302 SUSE/(4378:4379): Grado de multiprogramación: 9
[INFO] 03:57:31:302 SUSE/(4378:4379): Grado de multiprogramación: 9
[INFO] 03:57:36:303 SUSE/(4378:4379): Grado de multiprogramación: 9
[INFO] 03:57:41:303 SUSE/(4378:4379): Grado de multiprogramación: 9
[INFO] 03:57:46:312 SUSE/(4378:4379): Grado de multiprogramación: 9
[INFO] 03:57:51:313 SUSE/(4378:4379): Grado de multiprogramación: 9
[INFO] 03:57:56:313 SUSE/(4378:4379): Grado de multiprogramación: 9
[INFO] 03:58:01:314 SUSE/(4378:4379): Grado de multiprogramación: 9
[INFO] 03:58:06:316 SUSE/(4378:4379): Grado de multiprogramación: 9
[INFO] 03:58:11:317 SUSE/(4378:4379): Grado de multiprogramación: 9
[INFO] 03:58:16:317 SUSE/(4378:4379): Grado de multiprogramación: 9
[INFO] 03:58:21:317 SUSE/(4378:4379): Grado de multiprogramación: 9
[INFO] 03:58:26:326 SUSE/(4378:4379): Grado de multiprogramación: 9
[INFO] 03:58:31:327 SUSE/(4378:4379): Grado de multiprogramación: 9
[INFO] 03:58:36:327 SUSE/(4378:4379): Grado de multiprogramación: 9
[INFO] 03:58:41:327 SUSE/(4378:4379): Grado de multiprogramación: 9
[INFO] 03:58:46:327 SUSE/(4378:4379): Grado de multiprogramación: 9
[INFO] 03:58:51:328 SUSE/(4378:4379): Grado de multiprogramación: 9
[INFO] 03:58:56:328 SUSE/(4378:4379): Grado de multiprogramación: 9
[INFO] 03:59:01:328 SUSE/(4378:4379): Grado de multiprogramación: 9
[INFO] 03:59:06:329 SUSE/(4378:4379): Grado de multiprogramación: 9
[INFO] 03:59:11:329 SUSE/(4378:4379): Grado de multiprogramación: 9
[INFO] 03:59:16:330 SUSE/(4378:4379): Grado de multiprogramación: 9
[INFO] 03:59:21:331 SUSE/(4378:4379): Grado de multiprogramación: 9
[INFO] 03:59:26:331 SUSE/(4378:4379): Grado de multiprogramación: 9
[INFO] 03:59:31:334 SUSE/(4378:4379): Grado de multiprogramación: 9
[INFO] 03:59:36:334 SUSE/(4378:4379): Grado de multiprogramación: 9
[INFO] 03:59:41:334 SUSE/(4378:4379): Grado de multiprogramación: 9
[INFO] 03:59:46:335 SUSE/(4378:4379): Grado de multiprogramación: 9
[INFO] 03:59:51:336 SUSE/(4378:4379): Grado de multiprogramación: 9
[INFO] 03:59:56:336 SUSE/(4378:4379): Grado de multiprogramación: 9
[INFO] 04:00:01:337 SUSE/(4378:4379): Grado de multiprogramación: 9
[INFO] 04:00:06:337 SUSE/(4378:4379): Grado de multiprogramación: 9
[INFO] 04:00:11:338 SUSE/(4378:4379): Grado de multiprogramación: 9
[INFO] 04:00:16:339 SUSE/(4378:4379): Grado de multiprogramación: 9
[INFO] 04:00:21:339 SUSE/(4378:4379): Grado de multiprogramación: 9
[INFO] 04:00:26:340 SUSE/(4378:4379): Grado de multiprogramación: 9
[INFO] 04:00:31:340 SUSE/(4378:4379): Grado de multiprogramación: 9
[INFO] 04:00:36:340 SUSE/(4378:4379): Grado de multiprogramación: 9
[INFO] 04:00:41:341 SUSE/(4378:4379): Grado de multiprogramación: 9
[INFO] 04:00:46:342 SUSE/(4378:4379): Grado de multiprogramación: 9
[INFO] 04:00:51:344 SUSE/(4378:4379): Grado de multiprogramación: 9
[INFO] 04:00:56:345 SUSE/(4378:4379): Grado de multiprogramación: 9
[INFO] 04:01:01:345 SUSE/(4378:4379): Grado de multiprogramación: 9
[INFO] 04:01:06:346 SUSE/(4378:4379): Grado de multiprogramación: 9
[INFO] 04:01:11:356 SUSE/(4378:4379): Grado de multiprogramación: 9
[INFO] 04:01:16:356 SUSE/(4378:4379): Grado de multiprogramación: 9
[INFO] 04:01:21:368 SUSE/(4378:4379): Grado de multiprogramación: 9
[INFO] 04:01:26:371 SUSE/(4378:4379): Grado de multiprogramación: 9
[INFO] 04:01:31:371 SUSE/(4378:4379): Grado de multiprogramación: 9
[INFO] 04:01:36:373 SUSE/(4378:4379): Grado de multiprogramación: 9
[INFO] 04:01:41:373 SUSE/(4378:4379): Grado de multiprogramación: 9
[INFO] 04:01:46:374 SUSE/(4378:4379): Grado de multiprogramación: 9
[INFO] 04:01:51:380 SUSE/(4378:4379): Grado de multiprogramación: 9
[INFO] 04:01:56:388 SUSE/(4378:4379): Grado de multiprogramación: 9
[INFO] 04:02:01:391 SUSE/(4378:4379): Grado de multiprogramación: 9
[INFO] 04:02:06:391 SUSE/(4378:4379): Grado de multiprogramación: 9
[INFO] 04:02:11:392 SUSE/(4378:4379): Grado de multiprogramación: 9
[INFO] 04:02:16:393 SUSE/(4378:4379): Grado de multiprogramación: 9
[INFO] 04:02:34:922 SUSE/(4507:4508): Grado de multiprogramación: 3
[INFO] 04:02:39:923 SUSE/(4507:4508): Grado de multiprogramación: 3
[INFO] 04:02:44:929 SUSE/(4507:4508): Grado de multiprogramación: 3
[INFO] 04:02:49:934 SUSE/(4507:4508): Grado de multiprogramación: 3
[INFO] 04:02:54:939 SUSE/(4507:4508): Grado de multiprogramación: 3
[INFO] 04:02:59:943 SUSE/(4507:4508): Grado de multiprogramación: 3
[INFO] 04:03:04:944 SUSE/(4507:4508): Grado de multiprogramación: 6
[INFO] 04:03:09:945 SUSE/(4507:4508): Grado de multiprogramación: 6
[INFO] 04:03:14:947 SUSE/(4507:4508): Grado de multiprogramación: 6
[INFO] 04:03:19:947 SUSE/(4507:4508): Grado de multiprogramación: 9
[INFO] 04:03:24:949 SUSE/(4507:4508): Grado de multiprogramación: 9
[INFO] 04:03:29:955 SUSE/(4507:4508): Grado de multiprogramación: 9
[INFO] 04:03:34:958 SUSE/(4507:4508): Grado de multiprogramación: 9
[INFO] 04:03:39:961 SUSE/(4507:4508): Grado de multiprogramación: 9
[INFO] 04:03:44:970 SUSE/(4507:4508): Grado de multiprogramación: 9
[INFO] 04:03:50:27 SUSE/(4507:4508): Grado de multiprogramación: 9
[INFO] 04:03:55:35 SUSE/(4507:4508): Grado de multiprogramación: 9
[INFO] 04:04:00:35 SUSE/(4507:4508): Grado de multiprogramación: 9
[INFO] 04:04:05:37 SUSE/(4507:4508): Grado de multiprogramación: 9
[INFO] 04:04:10:47 SUSE/(4507:4508): Grado de multiprogramación: 9
[INFO] 04:04:29:677 SUSE/(4619:4620): Grado de multiprogramación: 3
[INFO] 04:04:34:686 SUSE/(4619:4620): Grado de multiprogramación: 3
[INFO] 04:04:39:688 SUSE/(4619:4620): Grado de multiprogramación: 3
[INFO] 04:04:44:689 SUSE/(4619:4620): Grado de multiprogramación: 3
[INFO] 04:04:49:694 SUSE/(4619:4620): Grado de multiprogramación: 3
[INFO] 04:04:54:701 SUSE/(4619:4620): Grado de multiprogramación: 3
[INFO] 04:04:59:703 SUSE/(4619:4620): Grado de multiprogramación: 3
[INFO] 04:05:04:708 SUSE/(4619:4620): Grado de multiprogramación: 3
[INFO] 04:05:09:708 SUSE/(4619:4620): Grado de multiprogramación: 6
[INFO] 04:05:14:709 SUSE/(4619:4620): Grado de multiprogramación: 6
[INFO] 04:05:19:711 SUSE/(4619:4620): Grado de multiprogramación: 9
[INFO] 04:05:24:711 SUSE/(4619:4620): Grado de multiprogramación: 9
[INFO] 04:05:29:721 SUSE/(4619:4620): Grado de multiprogramación: 9
[INFO] 04:05:34:728 SUSE/(4619:4620): Grado de multiprogramación: 9
[INFO] 04:05:39:729 SUSE/(4619:4620): Grado de multiprogramación: 9
[INFO] 04:05:44:729 SUSE/(4619:4620): Grado de multiprogramación: 9
[INFO] 04:05:49:733 SUSE/(4619:4620): Grado de multiprogramación: 9
[INFO] 04:05:54:738 SUSE/(4619:4620): Grado de multiprogramación: 9
[INFO] 04:05:59:738 SUSE/(4619:4620): Grado de multiprogramación: 9
[INFO] 04:06:04:744 SUSE/(4619:4620): Grado de multiprogramación: 9
[INFO] 04:06:09:745 SUSE/(4619:4620): Grado de multiprogramación: 9
[INFO] 04:06:14:746 SUSE/(4619:4620): Grado de multiprogramación: 9
[INFO] 04:06:38:644 SUSE/(4723:4724): Grado de multiprogramación: 3
[INFO] 04:06:43:646 SUSE/(4723:4724): Grado de multiprogramación: 3
[INFO] 04:06:48:646 SUSE/(4723:4724): Grado de multiprogramación: 3
[INFO] 04:06:53:648 SUSE/(4723:4724): Grado de multiprogramación: 3
[INFO] 04:06:58:648 SUSE/(4723:4724): Grado de multiprogramación: 3
[INFO] 04:07:03:648 SUSE/(4723:4724): Grado de multiprogramación: 3
[INFO] 04:07:08:649 SUSE/(4723:4724): Grado de multiprogramación: 3
[INFO] 04:32:26:522 SUSE/(5137:5138): Grado de multiprogramación: 4
[INFO] 04:32:31:523 SUSE/(5137:5138): Grado de multiprogramación: 4
[INFO] 04:32:36:524 SUSE/(5137:5138): Grado de multiprogramación: 4
[INFO] 04:32:41:524 SUSE/(5137:5138): Grado de multiprogramación: 4
[INFO] 04:32:46:525 SUSE/(5137:5138): Grado de multiprogramación: 4
[INFO] 04:32:51:525 SUSE/(5137:5138): Grado de multiprogramación: 4
[INFO] 04:32:56:527 SUSE/(5137:5138): Grado de multiprogramación: 4
[INFO] 04:33:01:530 SUSE/(5137:5138): Grado de multiprogramación: 4
[INFO] 04:33:06:532 SUSE/(5137:5138): Grado de multiprogramación: 4
[INFO] 04:33:11:533 SUSE/(5137:5138): Grado de multiprogramación: 4
[INFO] 04:33:16:533 SUSE/(5137:5138): Grado de multiprogramación: 4
[INFO] 04:33:21:533 SUSE/(5137:5138): Grado de multiprogramación: 4
[INFO] 04:33:44:765 SUSE/(5221:5222): Grado de multiprogramación: 0
[INFO] 04:33:49:766 SUSE/(5221:5222): Grado de multiprogramación: 0
[INFO] 04:33:54:766 SUSE/(5221:5222): Grado de multiprogramación: 0
[INFO] 04:33:59:768 SUSE/(5221:5222): Grado de multiprogramación: 0
[INFO] 04:34:04:768 SUSE/(5221:5222): Grado de multiprogramación: 0
[INFO] 04:34:09:769 SUSE/(5221:5222): Grado de multiprogramación: 0
[INFO] 04:34:14:770 SUSE/(5221:5222): Grado de multiprogramación: 0
[INFO] 04:34:19:770 SUSE/(5221:5222): Grado de multiprogramación: 0
[INFO] 04:34:24:770 SUSE/(5221:5222): Grado de multiprogramación: 0
[INFO] 04:34:29:771 SUSE/(5221:5222): Grado de multiprogramación: 0
[INFO] 04:34:34:772 SUSE/(5221:5222): Grado de multiprogramación: 0
[INFO] 04:34:39:772 SUSE/(5221:5222): Grado de multiprogramación: 0
[INFO] 04:34:44:773 SUSE/(5221:5222): Grado de multiprogramación: 0
[INFO] 04:34:49:774 SUSE/(5221:5222): Grado de multiprogramación: 0
[INFO] 04:34:54:774 SUSE/(5221:5222): Grado de multiprogramación: 0
[INFO] 04:34:59:775 SUSE/(5221:5222): Grado de multiprogramación: 0
[INFO] 04:35:04:776 SUSE/(5221:5222): Grado de multiprogramación: 0
[INFO] 04:35:09:776 SUSE/(5221:5222): Grado de multiprogramación: 0
[INFO] 04:35:14:777 SUSE/(5221:5222): Grado de multiprogramación: 0
[INFO] 04:35:19:778 SUSE/(5221:5222): Grado de multiprogramación: 0
[INFO] 04:35:24:778 SUSE/(5221:5222): Grado de multiprogramación: 0
[INFO] 04:35:29:779 SUSE/(5221:5222): Grado de multiprogramación: 0
[INFO] 04:35:34:780 SUSE/(5221:5222): Grado de multiprogramación: 0
[INFO] 04:35:39:781 SUSE/(5221:5222): Grado de multiprogramación: 0
[INFO] 04:35:44:781 SUSE/(5221:5222): Grado de multiprogramación: 0
[INFO] 04:35:49:781 SUSE/(5221:5222): Grado de multiprogramación: 0
[INFO] 04:36:09:69 SUSE/(6286:6287): Grado de multiprogramación: 4
[INFO] 04:36:14:70 SUSE/(6286:6287): Grado de multiprogramación: 4
[INFO] 04:36:19:70 SUSE/(6286:6287): Grado de multiprogramación: 4
[INFO] 04:36:24:70 SUSE/(6286:6287): Grado de multiprogramación: 4
[INFO] 04:36:29:71 SUSE/(6286:6287): Grado de multiprogramación: 4
[INFO] 04:36:34:73 SUSE/(6286:6287): Grado de multiprogramación: 4
[INFO] 04:36:39:74 SUSE/(6286:6287): Grado de multiprogramación: 4
[INFO] 04:36:44:83 SUSE/(6286:6287): Grado de multiprogramación: 4
[INFO] 04:36:49:88 SUSE/(6286:6287): Grado de multiprogramación: 4
[INFO] 04:36:54:89 SUSE/(6286:6287): Grado de multiprogramación: 4
[INFO] 04:36:59:116 SUSE/(6286:6287): Grado de multiprogramación: 4
[INFO] 04:37:04:116 SUSE/(6286:6287): Grado de multiprogramación: 4
[INFO] 04:37:09:117 SUSE/(6286:6287): Grado de multiprogramación: 4
[INFO] 04:37:14:117 SUSE/(6286:6287): Grado de multiprogramación: 4
[INFO] 04:37:19:119 SUSE/(6286:6287): Grado de multiprogramación: 4
[INFO] 04:37:24:119 SUSE/(6286:6287): Grado de multiprogramación: 4
[INFO] 04:37:29:128 SUSE/(6286:6287): Grado de multiprogramación: 4
[INFO] 04:37:34:128 SUSE/(6286:6287): Grado de multiprogramación: 4
[INFO] 04:37:39:134 SUSE/(6286:6287): Grado de multiprogramación: 8
[INFO] 04:37:44:134 SUSE/(6286:6287): Grado de multiprogramación: 8
[INFO] 04:37:49:135 SUSE/(6286:6287): Grado de multiprogramación: 8
[INFO] 04:37:54:139 SUSE/(6286:6287): Grado de multiprogramación: 8
[INFO] 04:37:59:141 SUSE/(6286:6287): Grado de multiprogramación: 8
[INFO] 04:38:04:142 SUSE/(6286:6287): Grado de multiprogramación: 8
[INFO] 04:38:09:150 SUSE/(6286:6287): Grado de multiprogramación: 8
[INFO] 04:38:14:151 SUSE/(6286:6287): Grado de multiprogramación: 8
[INFO] 04:38:19:152 SUSE/(6286:6287): Grado de multiprogramación: 8
[INFO] 04:38:24:154 SUSE/(6286:6287): Grado de multiprogramación: 8
[INFO] 04:38:29:156 SUSE/(6286:6287): Grado de multiprogramación: 8
[INFO] 04:38:34:160 SUSE/(6286:6287): Grado de multiprogramación: 8
[INFO] 04:38:39:161 SUSE/(6286:6287): Grado de multiprogramación: 8
[INFO] 04:38:44:163 SUSE/(6286:6287): Grado de multiprogramación: 8
[INFO] 04:38:49:164 SUSE/(6286:6287): Grado de multiprogramación: 8
[INFO] 04:38:54:164 SUSE/(6286:6287): Grado de multiprogramación: 8
[INFO] 04:39:12:44 SUSE/(6380:6381): Grado de multiprogramación: 0
[INFO] 04:39:17:44 SUSE/(6380:6381): Grado de multiprogramación: 0
[INFO] 04:39:22:45 SUSE/(6380:6381): Grado de multiprogramación: 0
[INFO] 04:39:27:46 SUSE/(6380:6381): Grado de multiprogramación: 0
[INFO] 04:39:32:54 SUSE/(6380:6381): Grado de multiprogramación: 0
[INFO] 04:39:37:55 SUSE/(6380:6381): Grado de multiprogramación: 0
[INFO] 04:39:42:56 SUSE/(6380:6381): Grado de multiprogramación: 0
[INFO] 04:39:47:57 SUSE/(6380:6381): Grado de multiprogramación: 0
[INFO] 04:39:48:276 SUSE/(7340:7341): Grado de multiprogramación: 0
[INFO] 04:39:52:57 SUSE/(6380:6381): Grado de multiprogramación: 0
[INFO] 04:39:53:277 SUSE/(7340:7341): Grado de multiprogramación: 0
[INFO] 04:39:57:58 SUSE/(6380:6381): Grado de multiprogramación: 0
[INFO] 04:39:58:277 SUSE/(7340:7341): Grado de multiprogramación: 0
[INFO] 04:40:02:59 SUSE/(6380:6381): Grado de multiprogramación: 0
[INFO] 04:40:03:278 SUSE/(7340:7341): Grado de multiprogramación: 0
[INFO] 04:40:07:59 SUSE/(6380:6381): Grado de multiprogramación: 0
[INFO] 04:40:08:278 SUSE/(7340:7341): Grado de multiprogramación: 0
[INFO] 04:40:12:60 SUSE/(6380:6381): Grado de multiprogramación: 0
[INFO] 04:40:13:279 SUSE/(7340:7341): Grado de multiprogramación: 0
[INFO] 04:40:17:61 SUSE/(6380:6381): Grado de multiprogramación: 0
[INFO] 04:40:18:280 SUSE/(7340:7341): Grado de multiprogramación: 0
[INFO] 04:40:22:61 SUSE/(6380:6381): Grado de multiprogramación: 0
[INFO] 04:40:23:280 SUSE/(7340:7341): Grado de multiprogramación: 0
[INFO] 04:40:27:61 SUSE/(6380:6381): Grado de multiprogramación: 0
[INFO] 04:40:28:281 SUSE/(7340:7341): Grado de multiprogramación: 0
[INFO] 04:40:32:62 SUSE/(6380:6381): Grado de multiprogramación: 0
[INFO] 04:40:33:281 SUSE/(7340:7341): Grado de multiprogramación: 0
[INFO] 04:40:37:63 SUSE/(6380:6381): Grado de multiprogramación: 0
[INFO] 04:40:38:281 SUSE/(7340:7341): Grado de multiprogramación: 0
[INFO] 04:40:42:64 SUSE/(6380:6381): Grado de multiprogramación: 0
[INFO] 04:40:43:282 SUSE/(7340:7341): Grado de multiprogramación: 0
[INFO] 04:40:47:64 SUSE/(6380:6381): Grado de multiprogramación: 0
[INFO] 04:40:48:282 SUSE/(7340:7341): Grado de multiprogramación: 0
[INFO] 04:40:52:65 SUSE/(6380:6381): Grado de multiprogramación: 0
[INFO] 04:40:53:282 SUSE/(7340:7341): Grado de multiprogramación: 0
[INFO] 04:40:57:65 SUSE/(6380:6381): Grado de multiprogramación: 0
[INFO] 04:41:02:66 SUSE/(6380:6381): Grado de multiprogramación: 0
[INFO] 04:41:07:66 SUSE/(6380:6381): Grado de multiprogramación: 0
[INFO] 04:41:12:66 SUSE/(6380:6381): Grado de multiprogramación: 0
[INFO] 04:41:17:66 SUSE/(6380:6381): Grado de multiprogramación: 0
[INFO] 04:41:22:66 SUSE/(6380:6381): Grado de multiprogramación: 0
[INFO] 04:41:24:327 SUSE/(8434:8435): Grado de multiprogramación: 4
[INFO] 04:41:27:67 SUSE/(6380:6381): Grado de multiprogramación: 0
[INFO] 04:41:29:328 SUSE/(8434:8435): Grado de multiprogramación: 4
[INFO] 04:41:32:67 SUSE/(6380:6381): Grado de multiprogramación: 0
[INFO] 04:41:34:328 SUSE/(8434:8435): Grado de multiprogramación: 4
[INFO] 04:41:37:68 SUSE/(6380:6381): Grado de multiprogramación: 0
[INFO] 04:41:39:328 SUSE/(8434:8435): Grado de multiprogramación: 4
[INFO] 04:41:42:69 SUSE/(6380:6381): Grado de multiprogramación: 0
[INFO] 04:41:44:328 SUSE/(8434:8435): Grado de multiprogramación: 4
[INFO] 04:41:47:69 SUSE/(6380:6381): Grado de multiprogramación: 0
[INFO] 04:41:49:329 SUSE/(8434:8435): Grado de multiprogramación: 4
[INFO] 04:41:52:70 SUSE/(6380:6381): Grado de multiprogramación: 0
[INFO] 04:41:54:329 SUSE/(8434:8435): Grado de multiprogramación: 4
[INFO] 04:41:57:71 SUSE/(6380:6381): Grado de multiprogramación: 0
[INFO] 04:41:59:330 SUSE/(8434:8435): Grado de multiprogramación: 4
[INFO] 04:42:02:72 SUSE/(6380:6381): Grado de multiprogramación: 0
[INFO] 04:42:04:331 SUSE/(8434:8435): Grado de multiprogramación: 4
[INFO] 04:42:07:74 SUSE/(6380:6381): Grado de multiprogramación: 0
[INFO] 04:42:09:331 SUSE/(8434:8435): Grado de multiprogramación: 4
[INFO] 04:42:12:75 SUSE/(6380:6381): Grado de multiprogramación: 0
[INFO] 04:42:14:332 SUSE/(8434:8435): Grado de multiprogramación: 4
[INFO] 04:42:17:76 SUSE/(6380:6381): Grado de multiprogramación: 0
[INFO] 04:42:22:76 SUSE/(6380:6381): Grado de multiprogramación: 0
[INFO] 04:42:27:76 SUSE/(6380:6381): Grado de multiprogramación: 0
[INFO] 04:42:32:77 SUSE/(6380:6381): Grado de multiprogramación: 0
[INFO] 04:42:37:77 SUSE/(6380:6381): Grado de multiprogramación: 0
[INFO] 04:42:42:77 SUSE/(6380:6381): Grado de multiprogramación: 0
[INFO] 04:42:47:77 SUSE/(6380:6381): Grado de multiprogramación: 0
[INFO] 04:42:50:904 SUSE/(8567:8568): Grado de multiprogramación: 0
[INFO] 04:42:52:80 SUSE/(6380:6381): Grado de multiprogramación: 0
[INFO] 04:42:55:905 SUSE/(8567:8568): Grado de multiprogramación: 0
[INFO] 04:42:57:80 SUSE/(6380:6381): Grado de multiprogramación: 0
[INFO] 04:43:00:905 SUSE/(8567:8568): Grado de multiprogramación: 0
[INFO] 04:43:02:80 SUSE/(6380:6381): Grado de multiprogramación: 0
[INFO] 04:43:05:905 SUSE/(8567:8568): Grado de multiprogramación: 0
[INFO] 04:43:07:81 SUSE/(6380:6381): Grado de multiprogramación: 0
[INFO] 04:43:10:906 SUSE/(8567:8568): Grado de multiprogramación: 0
[INFO] 04:43:12:81 SUSE/(6380:6381): Grado de multiprogramación: 0
[INFO] 04:43:17:82 SUSE/(6380:6381): Grado de multiprogramación: 0
[INFO] 19:57:49:773 SUSE/(17604:17605): Grado de multiprogramación: 3
[INFO] 19:57:54:773 SUSE/(17604:17605): Grado de multiprogramación: 3
[INFO] 19:57:59:778 SUSE/(17604:17605): Grado de multiprogramación: 3
[INFO] 19:58:04:785 SUSE/(17604:17605): Grado de multiprogramación: 3
[INFO] 19:58:09:785 SUSE/(17604:17605): Grado de multiprogramación: 3
[INFO] 19:58:14:788 SUSE/(17604:17605): Grado de multiprogramación: 3
[INFO] 19:58:19:789 SUSE/(17604:17605): Grado de multiprogramación: 7
[INFO] 19:58:24:795 SUSE/(17604:17605): Grado de multiprogramación: 7
[INFO] 19:58:29:798 SUSE/(17604:17605): Grado de multiprogramación: 7
[INFO] 19:58:34:798 SUSE/(17604:17605): Grado de multiprogramación: 7
[INFO] 19:58:47:751 SUSE/(17748:17749): Grado de multiprogramación: 0
[INFO] 19:58:52:752 SUSE/(17748:17749): Grado de multiprogramación: 0
[INFO] 19:58:57:754 SUSE/(17748:17749): Grado de multiprogramación: 0
[INFO] 19:59:02:754 SUSE/(17748:17749): Grado de multiprogramación: 0
[INFO] 19:59:07:755 SUSE/(17748:17749): Grado de multiprogramación: 0
[INFO] 19:59:12:755 SUSE/(17748:17749): Grado de multiprogramación: 0
[INFO] 19:59:17:755 SUSE/(17748:17749): Grado de multiprogramación: 0
[INFO] 19:59:22:756 SUSE/(17748:17749): Grado de multiprogramación: 0
[INFO] 19:59:27:756 SUSE/(17748:17749): Grado de multiprogramación: 0
[INFO] 19:59:32:756 SUSE/(17748:17749): Grado de multiprogramación: 0
[INFO] 19:59:53:953 SUSE/(18772:18773): Grado de multiprogramación: 4
[INFO] 19:59:58:953 SUSE/(18772:18773): Grado de multiprogramación: 4
[INFO] 20:00:03:957 SUSE/(18772:18773): Grado de multiprogramación: 4
[INFO] 20:00:08:960 SUSE/(18772:18773): Grado de multiprogramación: 4
[INFO] 20:00:13:960 SUSE/(18772:18773): Grado de multiprogramación: 4
[INFO] 20:00:18:960 SUSE/(18772:18773): Grado de multiprogramación: 4
[INFO] 20:00:23:964 SUSE/(18772:18773): Grado de multiprogramación: 4
[INFO] 20:00:28:967 SUSE/(18772:18773): Grado de multiprogramación: 4
[INFO] 20:00:33:967 SUSE/(18772:18773): Grado de multiprogramación: 4
[INFO] 20:00:48:348 SUSE/(18871:18872): Grado de multiprogramación: 0
[INFO] 20:00:53:348 SUSE/(18871:18872): Grado de multiprogramación: 0
[INFO] 20:00:58:349 SUSE/(18871:18872): Grado de multiprogramación: 0
[INFO] 20:01:03:349 SUSE/(18871:18872): Grado de multiprogramación: 0
[INFO] 20:01:08:350 SUSE/(18871:18872): Grado de multiprogramación: 0
[INFO] 20:01:13:351 SUSE/(18871:18872): Grado de multiprogramación: 0
[INFO] 20:01:18:351 SUSE/(18871:18872): Grado de multiprogramación: 0
[INFO] 20:01:23:352 SUSE/(18871:18872): Grado de multiprogramación: 0
[INFO] 20:01:28:352 SUSE/(18871:18872): Grado de multiprogramación: 0
[INFO] 20:01:44:923 SUSE/(19942:19943): Grado de multiprogramación: 3
[INFO] 20:01:49:931 SUSE/(19942:19943): Grado de multiprogramación: 3
[INFO] 20:01:54:932 SUSE/(19942:19943): Grado de multiprogramación: 3
[INFO] 20:01:59:932 SUSE/(19942:19943): Grado de multiprogramación: 3
[INFO] 20:02:04:939 SUSE/(19942:19943): Grado de multiprogramación: 3
[INFO] 20:02:09:940 SUSE/(19942:19943): Grado de multiprogramación: 3
[INFO] 20:02:14:943 SUSE/(19942:19943): Grado de multiprogramación: 3
[INFO] 20:02:19:943 SUSE/(19942:19943): Grado de multiprogramación: 3
[INFO] 20:02:25:76 SUSE/(19942:19943): Grado de multiprogramación: 3
[INFO] 20:02:30:86 SUSE/(19942:19943): Grado de multiprogramación: 3
[INFO] 20:02:35:86 SUSE/(19942:19943): Grado de multiprogramación: 3
[INFO] 20:02:40:98 SUSE/(19942:19943): Grado de multiprogramación: 3
[INFO] 20:02:45:100 SUSE/(19942:19943): Grado de multiprogramación: 3
[INFO] 20:02:50:100 SUSE/(19942:19943): Grado de multiprogramación: 3
[INFO] 20:03:09:43 SUSE/(20034:20035): Grado de multiprogramación: 3
[INFO] 20:03:14:44 SUSE/(20034:20035): Grado de multiprogramación: 3
[INFO] 20:03:19:44 SUSE/(20034:20035): Grado de multiprogramación: 6
[INFO] 20:03:44:744 SUSE/(20183:20184): Grado de multiprogramación: 3
[INFO] 20:06:47:565 SUSE/(20372:20373): Grado de multiprogramación: 3
[INFO] 20:06:52:566 SUSE/(20372:20373): Grado de multiprogramación: 3
[INFO] 20:06:57:566 SUSE/(20372:20373): Grado de multiprogramación: 3
[INFO] 20:07:02:567 SUSE/(20372:20373): Grado de multiprogramación: 3
[INFO] 20:07:07:568 SUSE/(20372:20373): Grado de multiprogramación: 3
[INFO] 20:07:12:569 SUSE/(20372:20373): Grado de multiprogramación: 3
[INFO] 20:07:17:570 SUSE/(20372:20373): Grado de multiprogramación: 3
[INFO] 20:07:22:572 SUSE/(20372:20373): Grado de multiprogramación: 3
[INFO] 20:07:27:574 SUSE/(20372:20373): Grado de multiprogramación: 3
[INFO] 20:07:32:574 SUSE/(20372:20373): Grado de multiprogramación: 3
[INFO] 20:07:37:575 SUSE/(20372:20373): Grado de multiprogramación: 3
[INFO] 20:07:42:576 SUSE/(20372:20373): Grado de multiprogramación: 3
[INFO] 20:07:47:577 SUSE/(20372:20373): Grado de multiprogramación: 3
[INFO] 20:07:52:577 SUSE/(20372:20373): Grado de multiprogramación: 3
[INFO] 20:07:57:578 SUSE/(20372:20373): Grado de multiprogramación: 3
[INFO] 20:08:02:578 SUSE/(20372:20373): Grado de multiprogramación: 3
[INFO] 20:08:07:580 SUSE/(20372:20373): Grado de multiprogramación: 3
[INFO] 20:08:12:581 SUSE/(20372:20373): Grado de multiprogramación: 3
[INFO] 20:08:17:581 SUSE/(20372:20373): Grado de multiprogramación: 3
[INFO] 20:08:22:590 SUSE/(20372:20373): Grado de multiprogramación: 3
[INFO] 20:08:27:590 SUSE/(20372:20373): Grado de multiprogramación: 3
[INFO] 20:08:32:591 SUSE/(20372:20373): Grado de multiprogramación: 3
[INFO] 20:08:37:593 SUSE/(20372:20373): Grado de multiprogramación: 3
[INFO] 20:08:42:593 SUSE/(20372:20373): Grado de multiprogramación: 3
[INFO] 20:08:47:596 SUSE/(20372:20373): Grado de multiprogramación: 3
[INFO] 20:08:52:596 SUSE/(20372:20373): Grado de multiprogramación: 3
[INFO] 20:08:57:604 SUSE/(20372:20373): Grado de multiprogramación: 3
[INFO] 20:09:02:605 SUSE/(20372:20373): Grado de multiprogramación: 3
[INFO] 20:09:07:607 SUSE/(20372:20373): Grado de multiprogramación: 3
[INFO] 20:09:12:608 SUSE/(20372:20373): Grado de multiprogramación: 3
[INFO] 20:09:17:608 SUSE/(20372:20373): Grado de multiprogramación: 3
[INFO] 20:09:22:609 SUSE/(20372:20373): Grado de multiprogramación: 3
[INFO] 20:09:27:609 SUSE/(20372:20373): Grado de multiprogramación: 3
[INFO] 20:09:32:609 SUSE/(20372:20373): Grado de multiprogramación: 3
[INFO] 20:09:37:610 SUSE/(20372:20373): Grado de multiprogramación: 3
[INFO] 20:09:42:610 SUSE/(20372:20373): Grado de multiprogramación: 3
[INFO] 20:09:47:611 SUSE/(20372:20373): Grado de multiprogramación: 3
[INFO] 20:09:52:630 SUSE/(20372:20373): Grado de multiprogramación: 3
[INFO] 20:09:57:634 SUSE/(20372:20373): Grado de multiprogramación: 3
[INFO] 20:10:02:634 SUSE/(20372:20373): Grado de multiprogramación: 3
[INFO] 20:10:07:635 SUSE/(20372:20373): Grado de multiprogramación: 3
[INFO] 20:10:12:635 SUSE/(20372:20373): Grado de multiprogramación: 3
[INFO] 20:10:17:635 SUSE/(20372:20373): Grado de multiprogramación: 3
[INFO] 20:10:22:635 SUSE/(20372:20373): Grado de multiprogramación: 3
[INFO] 20:10:27:635 SUSE/(20372:20373): Grado de multiprogramación: 3
[INFO] 20:10:32:636 SUSE/(20372:20373): Grado de multiprogramación: 3
[INFO] 20:10:37:636 SUSE/(20372:20373): Grado de multiprogramación: 3
[INFO] 20:10:42:637 SUSE/(20372:20373): Grado de multiprogramación: 3
[INFO] 20:10:47:638 SUSE/(20372:20373): Grado de multiprogramación: 3
[INFO] 20:10:52:655 SUSE/(20372:20373): Grado de multiprogramación: 3
[INFO] 20:10:57:658 SUSE/(20372:20373): Grado de multiprogramación: 3
[INFO] 20:11:02:666 SUSE/(20372:20373): Grado de multiprogramación: 3
[INFO] 20:11:07:666 SUSE/(20372:20373): Grado de multiprogramación: 3
[INFO] 20:11:12:667 SUSE/(20372:20373): Grado de multiprogramación: 3
[INFO] 20:11:17:668 SUSE/(20372:20373): Grado de multiprogramación: 3
[INFO] 20:11:22:669 SUSE/(20372:20373): Grado de multiprogramación: 3
[INFO] 20:11:27:671 SUSE/(20372:20373): Grado de multiprogramación: 3
[INFO] 20:11:32:671 SUSE/(20372:20373): Grado de multiprogramación: 3
[INFO] 20:11:37:672 SUSE/(20372:20373): Grado de multiprogramación: 3
[INFO] 20:11:42:672 SUSE/(20372:20373): Grado de multiprogramación: 3
[INFO] 20:11:47:673 SUSE/(20372:20373): Grado de multiprogramación: 3
[INFO] 20:11:52:674 SUSE/(20372:20373): Grado de multiprogramación: 3
[INFO] 20:11:57:674 SUSE/(20372:20373): Grado de multiprogramación: 3
[INFO] 20:12:02:675 SUSE/(20372:20373): Grado de multiprogramación: 3
[INFO] 20:12:07:676 SUSE/(20372:20373): Grado de multiprogramación: 3
[INFO] 20:12:12:677 SUSE/(20372:20373): Grado de multiprogramación: 3
[INFO] 20:12:17:677 SUSE/(20372:20373): Grado de multiprogramación: 3
[INFO] 20:12:22:678 SUSE/(20372:20373): Grado de multiprogramación: 3
[INFO] 20:12:27:681 SUSE/(20372:20373): Grado de multiprogramación: 3
[INFO] 20:12:32:683 SUSE/(20372:20373): Grado de multiprogramación: 3
[INFO] 20:12:37:684 SUSE/(20372:20373): Grado de multiprogramación: 3
[INFO] 20:12:42:685 SUSE/(20372:20373): Grado de multiprogramación: 3
[INFO] 20:12:47:686 SUSE/(20372:20373): Grado de multiprogramación: 3
[INFO] 20:12:52:686 SUSE/(20372:20373): Grado de multiprogramación: 3
[INFO] 20:12:57:686 SUSE/(20372:20373): Grado de multiprogramación: 3
[INFO] 20:13:02:687 SUSE/(20372:20373): Grado de multiprogramación: 3
[INFO] 20:13:07:688 SUSE/(20372:20373): Grado de multiprogramación: 3
[INFO] 20:13:12:688 SUSE/(20372:20373): Grado de multiprogramación: 3
[INFO] 20:13:17:694 SUSE/(20372:20373): Grado de multiprogramación: 3
[INFO] 20:13:22:695 SUSE/(20372:20373): Grado de multiprogramación: 3
[INFO] 20:13:27:695 SUSE/(20372:20373): Grado de multiprogramación: 3
[INFO] 20:13:32:695 SUSE/(20372:20373): Grado de multiprogramación: 3
[INFO] 20:13:37:696 SUSE/(20372:20373): Grado de multiprogramación: 3
[INFO] 20:13:42:697 SUSE/(20372:20373): Grado de multiprogramación: 3
[INFO] 20:14:00:966 SUSE/(20604:20605): Grado de multiprogramación: 0
[INFO] 20:14:05:969 SUSE/(20604:20605): Grado de multiprogramación: 0
[INFO] 20:14:10:978 SUSE/(20604:20605): Grado de multiprogramación: 4
[INFO] 20:14:15:979 SUSE/(20604:20605): Grado de multiprogramación: 4
[INFO] 20:14:20:979 SUSE/(20604:20605): Grado de multiprogramación: 4
[INFO] 20:46:34:624 SUSE/(24435:24436): Grado de multiprogramación: 4
[INFO] 20:46:39:625 SUSE/(24435:24436): Grado de multiprogramación: 4
[INFO] 20:46:44:626 SUSE/(24435:24436): Grado de multiprogramación: 4
[INFO] 20:46:49:629 SUSE/(24435:24436): Grado de multiprogramación: 4
[INFO] 20:46:54:629 SUSE/(24435:24436): Grado de multiprogramación: 4
[INFO] 20:46:59:629 SUSE/(24435:24436): Grado de multiprogramación: 4
[INFO] 20:47:04:630 SUSE/(24435:24436): Grado de multiprogramación: 4
[INFO] 20:47:09:631 SUSE/(24435:24436): Grado de multiprogramación: 4
[INFO] 20:47:14:639 SUSE/(24435:24436): Grado de multiprogramación: 4
[INFO] 20:47:19:640 SUSE/(24435:24436): Grado de multiprogramación: 4
[INFO] 20:47:24:641 SUSE/(24435:24436): Grado de multiprogramación: 4
[INFO] 20:47:29:650 SUSE/(24435:24436): Grado de multiprogramación: 4
[INFO] 20:47:34:652 SUSE/(24435:24436): Grado de multiprogramación: 4
[INFO] 20:47:39:652 SUSE/(24435:24436): Grado de multiprogramación: 4
[INFO] 20:47:44:659 SUSE/(24435:24436): Grado de multiprogramación: 4
[INFO] 20:47:49:680 SUSE/(24435:24436): Grado de multiprogramación: 4
[INFO] 20:47:54:680 SUSE/(24435:24436): Grado de multiprogramación: 4
[INFO] 20:47:59:681 SUSE/(24435:24436): Grado de multiprogramación: 4
[INFO] 23:07:40:551 SUSE/(2651:2652): Grado de multiprogramación: 0
[INFO] 23:07:45:552 SUSE/(2651:2652): Grado de multiprogramación: 0
[INFO] 23:07:50:553 SUSE/(2651:2652): Grado de multiprogramación: 0
[INFO] 23:07:55:553 SUSE/(2651:2652): Grado de multiprogramación: 0
[INFO] 23:08:00:556 SUSE/(2651:2652): Grado de multiprogramación: 0
[INFO] 23:08:05:558 SUSE/(2651:2652): Grado de multiprogramación: 0
[INFO] 23:08:10:563 SUSE/(2651:2652): Grado de multiprogramación: 3
[INFO] 23:08:15:642 SUSE/(2651:2652): Grado de multiprogramación: 3
[INFO] 23:08:20:644 SUSE/(2651:2652): Grado de multiprogramación: 3
[INFO] 23:08:25:645 SUSE/(2651:2652): Grado de multiprogramación: 3
[INFO] 23:08:30:645 SUSE/(2651:2652): Grado de multiprogramación: 3
[INFO] 23:08:35:645 SUSE/(2651:2652): Grado de multiprogramación: 3
[INFO] 23:08:40:651 SUSE/(2651:2652): Grado de multiprogramación: 3
[INFO] 23:08:45:687 SUSE/(2651:2652): Grado de multiprogramación: 3
[INFO] 23:08:50:709 SUSE/(2651:2652): Grado de multiprogramación: 3
[INFO] 23:08:55:710 SUSE/(2651:2652): Grado de multiprogramación: 3
[INFO] 23:09:00:717 SUSE/(2651:2652): Grado de multiprogramación: 3
[INFO] 23:09:05:723 SUSE/(2651:2652): Grado de multiprogramación: 3
[INFO] 23:09:10:751 SUSE/(2651:2652): Grado de multiprogramación: 3
[INFO] 23:09:15:754 SUSE/(2651:2652): Grado de multiprogramación: 3
[INFO] 23:09:20:755 SUSE/(2651:2652): Grado de multiprogramación: 3
[INFO] 23:09:25:760 SUSE/(2651:2652): Grado de multiprogramación: 3
[INFO] 23:09:30:763 SUSE/(2651:2652): Grado de multiprogramación: 3
[INFO] 23:09:35:764 SUSE/(2651:2652): Grado de multiprogramación: 3
[INFO] 23:09:40:764 SUSE/(2651:2652): Grado de multiprogramación: 3
[INFO] 23:09:45:765 SUSE/(2651:2652): Grado de multiprogramación: 3
[INFO] 23:09:50:766 SUSE/(2651:2652): Grado de multiprogramación: 3
[INFO] 23:09:55:767 SUSE/(2651:2652): Grado de multiprogramación: 3
[INFO] 23:10:00:768 SUSE/(2651:2652): Grado de multiprogramación: 3
[INFO] 23:10:05:773 SUSE/(2651:2652): Grado de multiprogramación: 3
[INFO] 23:10:10:773 SUSE/(2651:2652): Grado de multiprogramación: 3
[INFO] 23:10:15:774 SUSE/(2651:2652): Grado de multiprogramación: 3
[INFO] 23:10:20:775 SUSE/(2651:2652): Grado de multiprogramación: 3
[INFO] 23:10:25:775 SUSE/(2651:2652): Grado de multiprogramación: 3
[INFO] 23:10:30:782 SUSE/(2651:2652): Grado de multiprogramación: 3
[INFO] 23:14:34:30 SUSE/(2996:2997): Grado de multiprogramación: 4
[INFO] 23:14:39:31 SUSE/(2996:2997): Grado de multiprogramación: 4
[INFO] 23:14:44:31 SUSE/(2996:2997): Grado de multiprogramación: 4
[INFO] 23:14:49:32 SUSE/(2996:2997): Grado de multiprogramación: 8
[INFO] 23:14:54:32 SUSE/(2996:2997): Grado de multiprogramación: 8
[INFO] 23:14:59:33 SUSE/(2996:2997): Grado de multiprogramación: 8
[INFO] 23:15:04:34 SUSE/(2996:2997): Grado de multiprogramación: 8
[INFO] 23:15:09:45 SUSE/(2996:2997): Grado de multiprogramación: 8
[INFO] 23:15:14:47 SUSE/(2996:2997): Grado de multiprogramación: 8
[INFO] 23:15:19:47 SUSE/(2996:2997): Grado de multiprogramación: 8
[INFO] 23:15:24:48 SUSE/(2996:2997): Grado de multiprogramación: 8
[INFO] 23:15:29:51 SUSE/(2996:2997): Grado de multiprogramación: 8
[INFO] 23:15:34:53 SUSE/(2996:2997): Grado de multiprogramación: 8
[INFO] 23:15:39:54 SUSE/(2996:2997): Grado de multiprogramación: 8
[INFO] 23:15:44:57 SUSE/(2996:2997): Grado de multiprogramación: 8
[INFO] 23:15:49:57 SUSE/(2996:2997): Grado de multiprogramación: 8
[INFO] 23:15:54:57 SUSE/(2996:2997): Grado de multiprogramación: 8
[INFO] 23:15:59:60 SUSE/(2996:2997): Grado de multiprogramación: 8
[INFO] 23:16:04:61 SUSE/(2996:2997): Grado de multiprogramación: 8
[INFO] 23:16:09:62 SUSE/(2996:2997): Grado de multiprogramación: 8
[INFO] 23:16:14:62 SUSE/(2996:2997): Grado de multiprogramación: 8
[INFO] 23:16:19:68 SUSE/(2996:2997): Grado de multiprogramación: 8
[INFO] 23:16:24:70 SUSE/(2996:2997): Grado de multiprogramación: 9
[INFO] 23:16:29:71 SUSE/(2996:2997): Grado de multiprogramación: 9
[INFO] 23:16:34:72 SUSE/(2996:2997): Grado de multiprogramación: 9
[INFO] 23:16:39:73 SUSE/(2996:2997): Grado de multiprogramación: 9
[INFO] 23:16:44:73 SUSE/(2996:2997): Grado de multiprogramación: 9
[INFO] 23:17:00:896 SUSE/(3510:3511): Grado de multiprogramación: 3
[INFO] 23:17:05:897 SUSE/(3510:3511): Grado de multiprogramación: 3
[INFO] 23:17:10:897 SUSE/(3510:3511): Grado de multiprogramación: 3
[INFO] 23:17:15:900 SUSE/(3510:3511): Grado de multiprogramación: 3
[INFO] 23:17:20:908 SUSE/(3510:3511): Grado de multiprogramación: 3
[INFO] 23:17:25:908 SUSE/(3510:3511): Grado de multiprogramación: 3
[INFO] 23:17:30:909 SUSE/(3510:3511): Grado de multiprogramación: 3
[INFO] 23:17:35:909 SUSE/(3510:3511): Grado de multiprogramación: 3
[INFO] 23:17:40:911 SUSE/(3510:3511): Grado de multiprogramación: 3
[INFO] 23:17:45:913 SUSE/(3510:3511): Grado de multiprogramación: 3
[INFO] 23:17:50:914 SUSE/(3510:3511): Grado de multiprogramación: 3
[INFO] 23:17:55:917 SUSE/(3510:3511): Grado de multiprogramación: 3
[INFO] 23:18:00:917 SUSE/(3510:3511): Grado de multiprogramación: 3
[INFO] 23:18:05:918 SUSE/(3510:3511): Grado de multiprogramación: 3
[INFO] 23:18:10:922 SUSE/(3510:3511): Grado de multiprogramación: 3
[INFO] 23:18:15:923 SUSE/(3510:3511): Grado de multiprogramación: 3
[INFO] 23:18:20:923 SUSE/(3510:3511): Grado de multiprogramación: 3
[INFO] 23:18:25:924 SUSE/(3510:3511): Grado de multiprogramación: 3
[INFO] 23:18:30:924 SUSE/(3510:3511): Grado de multiprogramación: 3
[INFO] 23:18:35:925 SUSE/(3510:3511): Grado de multiprogramación: 3
[INFO] 23:18:40:926 SUSE/(3510:3511): Grado de multiprogramación: 3
[INFO] 23:18:58:620 SUSE/(3640:3641): Grado de multiprogramación: 3
[INFO] 23:19:03:621 SUSE/(3640:3641): Grado de multiprogramación: 3
[INFO] 23:19:08:622 SUSE/(3640:3641): Grado de multiprogramación: 3
[INFO] 23:19:13:625 SUSE/(3640:3641): Grado de multiprogramación: 3
[INFO] 23:19:18:626 SUSE/(3640:3641): Grado de multiprogramación: 3
[INFO] 23:19:23:626 SUSE/(3640:3641): Grado de multiprogramación: 3
[INFO] 23:19:28:632 SUSE/(3640:3641): Grado de multiprogramación: 3
[INFO] 23:19:33:633 SUSE/(3640:3641): Grado de multiprogramación: 3
[INFO] 23:22:14:554 SUSE/(3764:3765): Grado de multiprogramación: 0
[INFO] 23:22:19:556 SUSE/(3764:3765): Grado de multiprogramación: 0
[INFO] 23:22:24:557 SUSE/(3764:3765): Grado de multiprogramación: 3
[INFO] 23:22:29:557 SUSE/(3764:3765): Grado de multiprogramación: 3
[INFO] 23:22:34:558 SUSE/(3764:3765): Grado de multiprogramación: 3
[INFO] 23:22:39:562 SUSE/(3764:3765): Grado de multiprogramación: 3
[INFO] 23:22:44:562 SUSE/(3764:3765): Grado de multiprogramación: 3
[INFO] 23:22:49:562 SUSE/(3764:3765): Grado de multiprogramación: 3
[INFO] 23:22:54:563 SUSE/(3764:3765): Grado de multiprogramación: 3
