[INFO] 01:02:15:55 SUSE/(4126:4126): Se ha iniciado el servidor.
[INFO] 01:02:17:912 SUSE/(4126:4126): Se conecto un cliente!
[INFO] 01:02:17:912 SUSE/(4126:4126): Se conecto un cliente!
[INFO] 01:02:17:912 SUSE/(4126:4126): Se conecto un cliente!
[INFO] 01:02:17:912 SUSE/(4126:4126): Se conecto un cliente!
[INFO] 01:02:17:912 SUSE/(4126:4132): El hilo 16 del programa 0 llegó a NEW
[INFO] 01:02:17:912 SUSE/(4126:4132): El hilo 16 del programa 0 está en READY
[INFO] 01:02:17:912 SUSE/(4126:4126): Se conecto un cliente!
[INFO] 01:02:17:912 SUSE/(4126:4131): El hilo 16 del programa 0 llegó a NEW
[INFO] 01:02:17:912 SUSE/(4126:4131): El hilo 16 del programa 0 está en READY
[INFO] 01:02:17:912 SUSE/(4126:4130): El hilo 16 del programa 0 llegó a NEW
[INFO] 01:02:17:912 SUSE/(4126:4130): El hilo 16 del programa 0 está en READY
[INFO] 01:02:17:912 SUSE/(4126:4129): El hilo 16 del programa 0 llegó a NEW
[INFO] 01:02:17:912 SUSE/(4126:4129): El hilo 16 del programa 0 está en READY
[INFO] 01:02:17:913 SUSE/(4126:4133): El hilo 16 del programa 0 llegó a NEW
[INFO] 01:02:17:913 SUSE/(4126:4133): El hilo 16 del programa 0 está en READY
[INFO] 01:02:23:657 SUSE/(4126:4126): Se conecto un cliente!
[INFO] 01:02:23:657 SUSE/(4126:4126): Se conecto un cliente!
[INFO] 01:02:23:657 SUSE/(4126:4126): Se conecto un cliente!
[INFO] 01:02:23:657 SUSE/(4126:4126): Se conecto un cliente!
[INFO] 01:02:23:657 SUSE/(4126:4126): Se conecto un cliente!
[INFO] 01:02:23:657 SUSE/(4126:4139): El hilo 16 del programa 0 llegó a NEW
[INFO] 01:02:23:657 SUSE/(4126:4139): El hilo 16 del programa 0 está en READY
[INFO] 01:02:23:657 SUSE/(4126:4138): El hilo 16 del programa 0 llegó a NEW
[INFO] 01:02:23:657 SUSE/(4126:4138): El hilo 16 del programa 0 está en READY
[INFO] 01:02:23:657 SUSE/(4126:4137): El hilo 16 del programa 0 llegó a NEW
[INFO] 01:02:23:657 SUSE/(4126:4137): El hilo 16 del programa 0 está en READY
[INFO] 01:02:23:657 SUSE/(4126:4136): El hilo 16 del programa 0 llegó a NEW
[INFO] 01:02:23:657 SUSE/(4126:4136): El hilo 16 del programa 0 está en READY
[INFO] 01:02:23:657 SUSE/(4126:4135): El hilo 16 del programa 0 llegó a NEW
[INFO] 01:02:23:657 SUSE/(4126:4135): El hilo 16 del programa 0 está en READY
[WARNING] 01:02:23:657 SUSE/(4126:4135): Se ha alcanzado el grado máximo de multiprogramación
[INFO] 01:03:27:161 SUSE/(4258:4258): Se ha iniciado el servidor.
[INFO] 01:03:32:981 SUSE/(4258:4258): Se conecto un cliente!
[INFO] 01:03:32:982 SUSE/(4258:4258): Se conecto un cliente!
[INFO] 01:03:32:982 SUSE/(4258:4258): Se conecto un cliente!
[INFO] 01:03:32:982 SUSE/(4258:4258): Se conecto un cliente!
[INFO] 01:03:32:982 SUSE/(4258:4258): Se conecto un cliente!
[INFO] 01:03:32:982 SUSE/(4258:4265): El hilo 16 del programa 0 llegó a NEW
[INFO] 01:03:32:982 SUSE/(4258:4265): El hilo 16 del programa 0 está en READY
[INFO] 01:03:32:982 SUSE/(4258:4264): El hilo 16 del programa 0 llegó a NEW
[INFO] 01:03:32:982 SUSE/(4258:4264): El hilo 16 del programa 0 está en READY
[INFO] 01:03:32:982 SUSE/(4258:4263): El hilo 16 del programa 0 llegó a NEW
[INFO] 01:03:32:982 SUSE/(4258:4263): El hilo 16 del programa 0 está en READY
[INFO] 01:03:32:982 SUSE/(4258:4262): El hilo 16 del programa 0 llegó a NEW
[INFO] 01:03:32:982 SUSE/(4258:4262): El hilo 16 del programa 0 está en READY
[INFO] 01:03:32:982 SUSE/(4258:4261): El hilo 16 del programa 0 llegó a NEW
[INFO] 01:03:32:982 SUSE/(4258:4261): El hilo 16 del programa 0 está en READY
[INFO] 01:03:33:877 SUSE/(4258:4258): Se conecto un cliente!
[INFO] 01:03:33:877 SUSE/(4258:4258): Se conecto un cliente!
[INFO] 01:03:33:877 SUSE/(4258:4258): Se conecto un cliente!
[INFO] 01:03:33:877 SUSE/(4258:4258): Se conecto un cliente!
[INFO] 01:03:33:877 SUSE/(4258:4258): Se conecto un cliente!
[INFO] 01:03:33:877 SUSE/(4258:4271): El hilo 16 del programa 0 llegó a NEW
[INFO] 01:03:33:877 SUSE/(4258:4271): El hilo 16 del programa 0 está en READY
[INFO] 01:03:33:877 SUSE/(4258:4270): El hilo 16 del programa 0 llegó a NEW
[INFO] 01:03:33:877 SUSE/(4258:4270): El hilo 16 del programa 0 está en READY
[INFO] 01:03:33:877 SUSE/(4258:4269): El hilo 16 del programa 0 llegó a NEW
[INFO] 01:03:33:877 SUSE/(4258:4269): El hilo 16 del programa 0 está en READY
[INFO] 01:03:33:877 SUSE/(4258:4268): El hilo 16 del programa 0 llegó a NEW
[INFO] 01:03:33:877 SUSE/(4258:4268): El hilo 16 del programa 0 está en READY
[INFO] 01:03:33:877 SUSE/(4258:4267): El hilo 16 del programa 0 llegó a NEW
[INFO] 01:03:33:877 SUSE/(4258:4267): El hilo 16 del programa 0 está en READY
[WARNING] 01:03:33:877 SUSE/(4258:4267): Se ha alcanzado el grado máximo de multiprogramación
[INFO] 01:03:34:484 SUSE/(4258:4258): Se conecto un cliente!
[INFO] 01:03:34:484 SUSE/(4258:4258): Se conecto un cliente!
[INFO] 01:03:34:484 SUSE/(4258:4258): Se conecto un cliente!
[INFO] 01:03:34:484 SUSE/(4258:4258): Se conecto un cliente!
[INFO] 01:03:34:484 SUSE/(4258:4258): Se conecto un cliente!
[INFO] 01:03:34:484 SUSE/(4258:4279): El hilo 16 del programa 0 llegó a NEW
[INFO] 01:03:34:485 SUSE/(4258:4278): El hilo 16 del programa 0 llegó a NEW
[INFO] 01:03:34:485 SUSE/(4258:4277): El hilo 16 del programa 0 llegó a NEW
[INFO] 01:03:34:485 SUSE/(4258:4276): El hilo 16 del programa 0 llegó a NEW
[INFO] 01:03:34:485 SUSE/(4258:4275): El hilo 16 del programa 0 llegó a NEW
[INFO] 01:06:19:694 SUSE/(4394:4394): Se ha iniciado el servidor.
[INFO] 01:06:25:149 SUSE/(4394:4394): Se conecto un cliente!
[INFO] 01:06:25:150 SUSE/(4394:4394): Se conecto un cliente!
[INFO] 01:06:25:150 SUSE/(4394:4394): Se conecto un cliente!
[INFO] 01:06:25:150 SUSE/(4394:4394): Se conecto un cliente!
[INFO] 01:06:25:150 SUSE/(4394:4394): Se conecto un cliente!
[INFO] 01:06:25:150 SUSE/(4394:4394): Se conecto un cliente!
[INFO] 01:06:25:150 SUSE/(4394:4398): El hilo 16 del programa 0 llegó a NEW
[INFO] 01:06:25:150 SUSE/(4394:4398): El hilo 16 del programa 0 está en READY
[INFO] 01:06:25:150 SUSE/(4394:4397): El hilo 16 del programa 0 llegó a NEW
[INFO] 01:06:25:150 SUSE/(4394:4397): El hilo 16 del programa 0 está en READY
[INFO] 01:06:25:150 SUSE/(4394:4399): El hilo 16 del programa 0 llegó a NEW
[INFO] 01:06:25:150 SUSE/(4394:4399): El hilo 16 del programa 0 está en READY
[INFO] 01:06:25:150 SUSE/(4394:4400): El hilo 16 del programa 0 llegó a NEW
[INFO] 01:06:25:150 SUSE/(4394:4400): El hilo 16 del programa 0 está en READY
[INFO] 01:06:25:151 SUSE/(4394:4401): El hilo 16 del programa 0 llegó a NEW
[INFO] 01:06:25:151 SUSE/(4394:4401): El hilo 16 del programa 0 está en READY
[INFO] 01:09:16:559 SUSE/(4562:4562): Se ha iniciado el servidor.
[INFO] 01:09:28:959 SUSE/(4562:4562): Se conecto un cliente!
[INFO] 01:09:28:959 SUSE/(4562:4562): Se conecto un cliente!
[INFO] 01:09:28:959 SUSE/(4562:4562): Se conecto un cliente!
[INFO] 01:09:28:959 SUSE/(4562:4562): Se conecto un cliente!
[INFO] 01:09:28:959 SUSE/(4562:4588): El hilo 16 del programa 0 llegó a NEW
[INFO] 01:09:28:959 SUSE/(4562:4588): El hilo 16 del programa 0 está en READY
[INFO] 01:09:28:960 SUSE/(4562:4562): Se conecto un cliente!
[INFO] 01:09:28:960 SUSE/(4562:4587): El hilo 16 del programa 0 llegó a NEW
[INFO] 01:09:28:960 SUSE/(4562:4587): El hilo 16 del programa 0 está en READY
[INFO] 01:09:28:960 SUSE/(4562:4586): El hilo 16 del programa 0 llegó a NEW
[INFO] 01:09:28:960 SUSE/(4562:4586): El hilo 16 del programa 0 está en READY
[INFO] 01:09:28:960 SUSE/(4562:4585): El hilo 16 del programa 0 llegó a NEW
[INFO] 01:09:28:960 SUSE/(4562:4585): El hilo 16 del programa 0 está en READY
[INFO] 01:09:28:960 SUSE/(4562:4589): El hilo 16 del programa 0 llegó a NEW
[INFO] 01:09:28:960 SUSE/(4562:4589): El hilo 16 del programa 0 está en READY
[INFO] 01:23:25:992 SUSE/(4951:4951): Se ha iniciado el servidor.
[INFO] 01:23:31:982 SUSE/(4951:4951): Se conecto un cliente!
[INFO] 01:23:31:982 SUSE/(4951:4951): Se conecto un cliente!
[INFO] 01:23:31:982 SUSE/(4951:4951): Se conecto un cliente!
[INFO] 01:23:31:982 SUSE/(4951:4951): Se conecto un cliente!
[INFO] 01:23:31:982 SUSE/(4951:4955): El hilo 16 del programa 0 llegó a NEW
[INFO] 01:23:31:982 SUSE/(4951:4955): El hilo 16 del programa 0 está en READY
[INFO] 01:23:31:982 SUSE/(4951:4954): El hilo 16 del programa 0 llegó a NEW
[INFO] 01:23:31:982 SUSE/(4951:4954): El hilo 16 del programa 0 está en READY
[INFO] 01:23:31:982 SUSE/(4951:4957): El hilo 16 del programa 0 llegó a NEW
[INFO] 01:23:31:982 SUSE/(4951:4957): El hilo 16 del programa 0 está en READY
[INFO] 01:23:31:982 SUSE/(4951:4956): El hilo 16 del programa 0 llegó a NEW
[INFO] 01:23:31:982 SUSE/(4951:4956): El hilo 16 del programa 0 está en READY
[INFO] 01:24:01:574 SUSE/(4951:4951): Se conecto un cliente!
[INFO] 01:24:01:574 SUSE/(4951:4951): Se conecto un cliente!
[INFO] 01:24:01:574 SUSE/(4951:4961): El hilo 16 del programa 0 llegó a NEW
[INFO] 01:24:01:574 SUSE/(4951:4961): El hilo 16 del programa 0 está en READY
[INFO] 01:24:01:574 SUSE/(4951:4951): Se conecto un cliente!
[INFO] 01:24:01:574 SUSE/(4951:4962): El hilo 16 del programa 0 llegó a NEW
[INFO] 01:24:01:574 SUSE/(4951:4951): Se conecto un cliente!
[INFO] 01:24:01:574 SUSE/(4951:4963): El hilo 16 del programa 0 llegó a NEW
[INFO] 01:24:01:574 SUSE/(4951:4963): El hilo 16 del programa 0 está en READY
[INFO] 01:24:01:574 SUSE/(4951:4962): El hilo 16 del programa 0 está en READY
[INFO] 01:24:01:574 SUSE/(4951:4964): El hilo 16 del programa 0 llegó a NEW
[INFO] 01:24:01:574 SUSE/(4951:4964): El hilo 16 del programa 0 está en READY
[INFO] 01:24:02:486 SUSE/(4951:4951): Se conecto un cliente!
[INFO] 01:24:02:486 SUSE/(4951:4951): Se conecto un cliente!
[INFO] 01:24:02:486 SUSE/(4951:4951): Se conecto un cliente!
[INFO] 01:24:02:486 SUSE/(4951:4951): Se conecto un cliente!
[INFO] 01:24:02:486 SUSE/(4951:4968): El hilo 16 del programa 0 llegó a NEW
[INFO] 01:24:02:486 SUSE/(4951:4969): El hilo 16 del programa 0 llegó a NEW
[INFO] 01:24:02:486 SUSE/(4951:4969): El hilo 16 del programa 0 está en READY
[INFO] 01:24:02:486 SUSE/(4951:4967): El hilo 16 del programa 0 llegó a NEW
[INFO] 01:24:02:487 SUSE/(4951:4967): El hilo 16 del programa 0 está en READY
[WARNING] 01:24:02:487 SUSE/(4951:4967): Se ha alcanzado el grado máximo de multiprogramación
[INFO] 01:24:02:486 SUSE/(4951:4968): El hilo 16 del programa 0 está en READY
[INFO] 01:24:02:487 SUSE/(4951:4966): El hilo 16 del programa 0 llegó a NEW
[INFO] 01:24:09:286 SUSE/(4951:4951): Se conecto un cliente!
[INFO] 01:24:09:286 SUSE/(4951:4951): Se conecto un cliente!
[INFO] 01:24:09:287 SUSE/(4951:4971): El hilo 16 del programa 0 llegó a NEW
[INFO] 01:24:09:287 SUSE/(4951:4951): Se conecto un cliente!
[INFO] 01:24:09:287 SUSE/(4951:4951): Se conecto un cliente!
[INFO] 01:24:09:287 SUSE/(4951:4973): El hilo 16 del programa 0 llegó a NEW
[INFO] 01:24:09:287 SUSE/(4951:4972): El hilo 16 del programa 0 llegó a NEW
[INFO] 01:24:09:287 SUSE/(4951:4974): El hilo 16 del programa 0 llegó a NEW
[INFO] 01:24:09:620 SUSE/(4951:4951): Se conecto un cliente!
[INFO] 01:24:09:620 SUSE/(4951:4951): Se conecto un cliente!
[INFO] 01:24:09:620 SUSE/(4951:4951): Se conecto un cliente!
[INFO] 01:24:09:620 SUSE/(4951:4951): Se conecto un cliente!
[INFO] 01:24:09:620 SUSE/(4951:4977): El hilo 16 del programa 0 llegó a NEW
[INFO] 01:24:09:620 SUSE/(4951:4976): El hilo 16 del programa 0 llegó a NEW
[INFO] 01:24:09:620 SUSE/(4951:4978): El hilo 16 del programa 0 llegó a NEW
[INFO] 01:24:09:620 SUSE/(4951:4979): El hilo 16 del programa 0 llegó a NEW
