[INFO] 01:24:59:779 Servidor/(14872:14872): Port: 9001
[INFO] 01:24:59:779 Servidor/(14872:14872): Memory size: 140
[INFO] 01:24:59:779 Servidor/(14872:14872): Page size: 4
[INFO] 01:24:59:779 Servidor/(14872:14872): Number of pages: 35
[INFO] 01:24:59:779 Servidor/(14872:14872): Servidor listo para recibir clientes
[INFO] 01:25:47:506 Servidor/(14930:14930): Port: 9001
[INFO] 01:25:47:506 Servidor/(14930:14930): Memory size: 140
[INFO] 01:25:47:506 Servidor/(14930:14930): Page size: 4
[INFO] 01:25:47:507 Servidor/(14930:14930): Number of pages: 35
[INFO] 01:25:47:507 Servidor/(14930:14930): Servidor listo para recibir clientes
[INFO] 01:27:23:657 Servidor/(15127:15127): Port: 9001
[INFO] 01:27:23:658 Servidor/(15127:15127): Memory size: 140
[INFO] 01:27:23:658 Servidor/(15127:15127): Page size: 4
[INFO] 01:27:23:658 Servidor/(15127:15127): Number of pages: 35
[INFO] 01:27:23:658 Servidor/(15127:15127): Servidor listo para recibir clientes
[INFO] 01:29:00:315 Servidor/(15263:15263): Port: 9001
[INFO] 01:29:00:315 Servidor/(15263:15263): Memory size: 140
[INFO] 01:29:00:315 Servidor/(15263:15263): Page size: 4
[INFO] 01:29:00:316 Servidor/(15263:15263): Number of pages: 35
[INFO] 01:29:00:316 Servidor/(15263:15263): Servidor listo para recibir clientes
[INFO] 01:29:34:691 Servidor/(15324:15324): Port: 9001
[INFO] 01:29:34:692 Servidor/(15324:15324): Memory size: 140
[INFO] 01:29:34:692 Servidor/(15324:15324): Page size: 4
[INFO] 01:29:34:692 Servidor/(15324:15324): Number of pages: 35
[INFO] 01:29:34:692 Servidor/(15324:15324): Servidor listo para recibir clientes
[INFO] 01:31:03:254 Servidor/(15419:15419): Port: 9001
[INFO] 01:31:03:254 Servidor/(15419:15419): Memory size: 140
[INFO] 01:31:03:254 Servidor/(15419:15419): Page size: 4
[INFO] 01:31:03:254 Servidor/(15419:15419): Number of pages: 35
[INFO] 01:31:03:254 Servidor/(15419:15419): Servidor listo para recibir clientes
